<?xml version="1.0" encoding="UTF-8"?>
<TestRun id="cf8fd412-dce3-4e9b-aeac-283d7d5d6676" name="yami@YAMILEX 2015-10-24 04:18:59" runUser="YAMILEX\yami" xmlns="http://microsoft.com/schemas/VisualStudio/TeamTest/2010">
  <TestSettings name="Local" id="607f8b6c-2431-4eb3-8939-f252dd3f80db">
    <Description>Esta es la configuración de pruebas predeterminada para una ejecución de pruebas local.</Description>
    <Deployment enabled="false" runDeploymentRoot="yami_YAMILEX 2015-10-24 04_18_59">
      <DeploymentItem filename="E:\TMC\TMC\bin\Debug\TMC.exe" />
      <DeploymentItem filename="E:\TMC\TMC\bin\Debug\Antlr3.Runtime.dll" />
      <DeploymentItem filename="E:\ACINOX Components\ACINOX Components\bin\Debug\ACINOX.dll" />
      <DeploymentItem filename="E:\TMC\TMC\bin\Debug\NCalc.dll" />
    </Deployment>
    <Execution>
      <TestTypeSpecific />
      <AgentRule name="Execution Agents">
      </AgentRule>
    </Execution>
  </TestSettings>
  <Times creation="2015-10-24T04:18:59.0944561-03:00" queuing="2015-10-24T04:19:00.7165488-03:00" start="2015-10-24T04:19:00.8945590-03:00" finish="2015-10-24T04:19:28.7161503-03:00" />
  <ResultSummary outcome="Error">
    <Counters total="25" executed="5" passed="2" error="0" failed="2" timeout="0" aborted="1" inconclusive="0" passedButRunAborted="0" notRunnable="1" notExecuted="19" disconnected="0" warning="0" completed="0" inProgress="0" pending="0" />
    <RunInfos>
      <RunInfo computerName="YAMILEX" outcome="Error" timestamp="2015-10-24T04:19:28.7081499-03:00">
        <Text>El proceso del host de pruebas terminó inesperadamente.</Text>
      </RunInfo>
    </RunInfos>
  </ResultSummary>
  <TestDefinitions>
    <UnitTest name="GetComposicionTest" storage="e:\tmc\prueba_sistema\bin\debug\prueba_sistema.dll" id="d533369f-ef95-61de-851f-7f14b63c8041">
      <Execution id="ae44eb2b-6e18-4eaa-9dd9-7d0f64f588f5" />
      <TestMethod codeBase="E:/TMC/Prueba_Sistema/bin/Debug/Prueba_Sistema.DLL" adapterTypeName="Microsoft.VisualStudio.TestTools.TestTypes.Unit.UnitTestAdapter, Microsoft.VisualStudio.QualityTools.Tips.UnitTest.Adapter, Version=10.0.0.0, Culture=neutral, PublicKeyToken=b03f5f7f11d50a3a" className="Prueba_Sistema.SIARAlgorithmTest, Prueba_Sistema, Version=1.0.0.0, Culture=neutral, PublicKeyToken=null" name="GetComposicionTest" />
    </UnitTest>
    <UnitTest name="ProjectObjectTest" storage="e:\tmc\prueba_sistema\bin\debug\prueba_sistema.dll" id="d6383652-e0a4-f591-b9f1-9545278b7228">
      <Execution id="3cbd7499-98d7-4186-9363-d28fb225e015" />
      <TestMethod codeBase="E:/TMC/Prueba_Sistema/bin/Debug/Prueba_Sistema.DLL" adapterTypeName="Microsoft.VisualStudio.TestTools.TestTypes.Unit.UnitTestAdapter, Microsoft.VisualStudio.QualityTools.Tips.UnitTest.Adapter, Version=10.0.0.0, Culture=neutral, PublicKeyToken=b03f5f7f11d50a3a" className="Prueba_Sistema.SIARAlgorithmTest, Prueba_Sistema, Version=1.0.0.0, Culture=neutral, PublicKeyToken=null" name="ProjectObjectTest" />
    </UnitTest>
    <UnitTest name="SpesorTest" storage="e:\tmc\prueba_sistema\bin\debug\prueba_sistema.dll" id="f786ff25-5539-a85c-e828-d51f67344fde">
      <Execution id="245459c1-c0ba-48f1-9f50-629403dcd69a" />
      <TestMethod codeBase="E:/TMC/Prueba_Sistema/bin/Debug/Prueba_Sistema.DLL" adapterTypeName="Microsoft.VisualStudio.TestTools.TestTypes.Unit.UnitTestAdapter, Microsoft.VisualStudio.QualityTools.Tips.UnitTest.Adapter, Version=10.0.0.0, Culture=neutral, PublicKeyToken=b03f5f7f11d50a3a" className="Prueba_Sistema.SIARAlgorithmTest, Prueba_Sistema, Version=1.0.0.0, Culture=neutral, PublicKeyToken=null" name="SpesorTest" />
    </UnitTest>
    <UnitTest name="MaterialesTest" storage="e:\tmc\prueba_sistema\bin\debug\prueba_sistema.dll" id="2481ccdd-cfc2-da6a-7d5d-bc24b1620a04">
      <Execution id="07bdfeeb-c702-49fe-b71d-76cd793b2448" />
      <TestMethod codeBase="E:/TMC/Prueba_Sistema/bin/Debug/Prueba_Sistema.DLL" adapterTypeName="Microsoft.VisualStudio.TestTools.TestTypes.Unit.UnitTestAdapter, Microsoft.VisualStudio.QualityTools.Tips.UnitTest.Adapter, Version=10.0.0.0, Culture=neutral, PublicKeyToken=b03f5f7f11d50a3a" className="Prueba_Sistema.SIARAlgorithmTest, Prueba_Sistema, Version=1.0.0.0, Culture=neutral, PublicKeyToken=null" name="MaterialesTest" />
    </UnitTest>
    <UnitTest name="SIARAlgorithmConstructorTest" storage="e:\tmc\prueba_sistema\bin\debug\prueba_sistema.dll" id="8ea7a7c4-749e-adde-b50c-45b18523ee91">
      <DeploymentItems>
        <DeploymentItem filename="TMC.exe" />
      </DeploymentItems>
      <Execution id="1886d2d2-251d-4236-b32e-7d881dffab47" />
      <TestMethod codeBase="E:/TMC/Prueba_Sistema/bin/Debug/Prueba_Sistema.DLL" adapterTypeName="Microsoft.VisualStudio.TestTools.TestTypes.Unit.UnitTestAdapter, Microsoft.VisualStudio.QualityTools.Tips.UnitTest.Adapter, Version=10.0.0.0, Culture=neutral, PublicKeyToken=b03f5f7f11d50a3a" className="Prueba_Sistema.SIARAlgorithmTest, Prueba_Sistema, Version=1.0.0.0, Culture=neutral, PublicKeyToken=null" name="SIARAlgorithmConstructorTest" />
    </UnitTest>
    <UnitTest name="GetSpesorTest" storage="e:\tmc\prueba_sistema\bin\debug\prueba_sistema.dll" id="e0a21977-e264-8c96-26de-9a335ec7b5cf">
      <Execution id="fcbb9de5-366d-459c-9516-1604da935381" />
      <TestMethod codeBase="E:/TMC/Prueba_Sistema/bin/Debug/Prueba_Sistema.DLL" adapterTypeName="Microsoft.VisualStudio.TestTools.TestTypes.Unit.UnitTestAdapter, Microsoft.VisualStudio.QualityTools.Tips.UnitTest.Adapter, Version=10.0.0.0, Culture=neutral, PublicKeyToken=b03f5f7f11d50a3a" className="Prueba_Sistema.SIARAlgorithmTest, Prueba_Sistema, Version=1.0.0.0, Culture=neutral, PublicKeyToken=null" name="GetSpesorTest" />
    </UnitTest>
    <UnitTest name="TDataSetTest" storage="e:\tmc\prueba_sistema\bin\debug\prueba_sistema.dll" id="4d91a320-ea14-7cc7-252c-3cc1c7b142e2">
      <Execution id="0db25553-f7bd-4c0a-8f31-8337d6f5a1c3" />
      <TestMethod codeBase="E:/TMC/Prueba_Sistema/bin/Debug/Prueba_Sistema.DLL" adapterTypeName="Microsoft.VisualStudio.TestTools.TestTypes.Unit.UnitTestAdapter, Microsoft.VisualStudio.QualityTools.Tips.UnitTest.Adapter, Version=10.0.0.0, Culture=neutral, PublicKeyToken=b03f5f7f11d50a3a" className="Prueba_Sistema.SIARAlgorithmTest, Prueba_Sistema, Version=1.0.0.0, Culture=neutral, PublicKeyToken=null" name="TDataSetTest" />
    </UnitTest>
    <UnitTest name="CostoTest" storage="e:\tmc\prueba_sistema\bin\debug\prueba_sistema.dll" id="ce31098b-d9c7-3055-28f3-234dea122832">
      <Execution id="676a71aa-cdba-4feb-9d72-d04650a8795b" />
      <TestMethod codeBase="E:/TMC/Prueba_Sistema/bin/Debug/Prueba_Sistema.DLL" adapterTypeName="Microsoft.VisualStudio.TestTools.TestTypes.Unit.UnitTestAdapter, Microsoft.VisualStudio.QualityTools.Tips.UnitTest.Adapter, Version=10.0.0.0, Culture=neutral, PublicKeyToken=b03f5f7f11d50a3a" className="Prueba_Sistema.SIARAlgorithmTest, Prueba_Sistema, Version=1.0.0.0, Culture=neutral, PublicKeyToken=null" name="CostoTest" />
    </UnitTest>
    <UnitTest name="LamdaTest" storage="e:\tmc\prueba_sistema\bin\debug\prueba_sistema.dll" id="3156c5d7-187d-6780-f47e-1c4b47dc791e">
      <DeploymentItems>
        <DeploymentItem filename="TMC.exe" />
      </DeploymentItems>
      <Execution id="78272a69-d9fe-4083-99a4-4f87a2255804" />
      <TestMethod codeBase="E:/TMC/Prueba_Sistema/bin/Debug/Prueba_Sistema.DLL" adapterTypeName="Microsoft.VisualStudio.TestTools.TestTypes.Unit.UnitTestAdapter, Microsoft.VisualStudio.QualityTools.Tips.UnitTest.Adapter, Version=10.0.0.0, Culture=neutral, PublicKeyToken=b03f5f7f11d50a3a" className="Prueba_Sistema.SIARAlgorithmTest, Prueba_Sistema, Version=1.0.0.0, Culture=neutral, PublicKeyToken=null" name="LamdaTest" />
    </UnitTest>
    <UnitTest name="EspesorTest" storage="e:\tmc\prueba_sistema\bin\debug\prueba_sistema.dll" id="60cc0024-8fde-0615-0958-b27db5a00992">
      <Execution id="e3317b7d-d1d3-4336-8118-17e9a67e9f82" />
      <TestMethod codeBase="E:/TMC/Prueba_Sistema/bin/Debug/Prueba_Sistema.DLL" adapterTypeName="Microsoft.VisualStudio.TestTools.TestTypes.Unit.UnitTestAdapter, Microsoft.VisualStudio.QualityTools.Tips.UnitTest.Adapter, Version=10.0.0.0, Culture=neutral, PublicKeyToken=b03f5f7f11d50a3a" className="Prueba_Sistema.SIARAlgorithmTest, Prueba_Sistema, Version=1.0.0.0, Culture=neutral, PublicKeyToken=null" name="EspesorTest" />
    </UnitTest>
    <UnitTest name="VolumenTest" storage="e:\tmc\prueba_sistema\bin\debug\prueba_sistema.dll" id="1f0d3872-3d89-ddd7-c26c-88b8cdfaebef">
      <Execution id="f9551139-8440-42f7-9639-06d2bf8e6f1b" />
      <TestMethod codeBase="E:/TMC/Prueba_Sistema/bin/Debug/Prueba_Sistema.DLL" adapterTypeName="Microsoft.VisualStudio.TestTools.TestTypes.Unit.UnitTestAdapter, Microsoft.VisualStudio.QualityTools.Tips.UnitTest.Adapter, Version=10.0.0.0, Culture=neutral, PublicKeyToken=b03f5f7f11d50a3a" className="Prueba_Sistema.SIARAlgorithmTest, Prueba_Sistema, Version=1.0.0.0, Culture=neutral, PublicKeyToken=null" name="VolumenTest" />
    </UnitTest>
    <UnitTest name="GetAlphaExternoTest" storage="e:\tmc\prueba_sistema\bin\debug\prueba_sistema.dll" id="9b11cded-4a4e-84a5-2c78-8b0746ca8b27">
      <Execution id="69785813-87a7-4cc9-9828-47f722851b6b" />
      <TestMethod codeBase="E:/TMC/Prueba_Sistema/bin/Debug/Prueba_Sistema.DLL" adapterTypeName="Microsoft.VisualStudio.TestTools.TestTypes.Unit.UnitTestAdapter, Microsoft.VisualStudio.QualityTools.Tips.UnitTest.Adapter, Version=10.0.0.0, Culture=neutral, PublicKeyToken=b03f5f7f11d50a3a" className="Prueba_Sistema.SIARAlgorithmTest, Prueba_Sistema, Version=1.0.0.0, Culture=neutral, PublicKeyToken=null" name="GetAlphaExternoTest" />
    </UnitTest>
    <UnitTest name="PesoTest" storage="e:\tmc\prueba_sistema\bin\debug\prueba_sistema.dll" id="891031eb-a5ea-caac-765e-39b3913ed33b">
      <Execution id="77537c11-a5e0-4315-bce2-4f7c70193c42" />
      <TestMethod codeBase="E:/TMC/Prueba_Sistema/bin/Debug/Prueba_Sistema.DLL" adapterTypeName="Microsoft.VisualStudio.TestTools.TestTypes.Unit.UnitTestAdapter, Microsoft.VisualStudio.QualityTools.Tips.UnitTest.Adapter, Version=10.0.0.0, Culture=neutral, PublicKeyToken=b03f5f7f11d50a3a" className="Prueba_Sistema.SIARAlgorithmTest, Prueba_Sistema, Version=1.0.0.0, Culture=neutral, PublicKeyToken=null" name="PesoTest" />
    </UnitTest>
    <UnitTest name="TempExternaTest" storage="e:\tmc\prueba_sistema\bin\debug\prueba_sistema.dll" id="50479122-b343-6c21-a99d-5015997c5a49">
      <Execution id="40c49938-9aa2-4768-9564-947bd22d3914" />
      <TestMethod codeBase="E:/TMC/Prueba_Sistema/bin/Debug/Prueba_Sistema.DLL" adapterTypeName="Microsoft.VisualStudio.TestTools.TestTypes.Unit.UnitTestAdapter, Microsoft.VisualStudio.QualityTools.Tips.UnitTest.Adapter, Version=10.0.0.0, Culture=neutral, PublicKeyToken=b03f5f7f11d50a3a" className="Prueba_Sistema.SIARAlgorithmTest, Prueba_Sistema, Version=1.0.0.0, Culture=neutral, PublicKeyToken=null" name="TempExternaTest" />
    </UnitTest>
    <UnitTest name="CompareTest" storage="e:\tmc\prueba_sistema\bin\debug\prueba_sistema.dll" id="e737cb5a-f9b7-f821-5532-44d393d1d635">
      <Execution id="5e145c6e-655f-4049-b961-cff45d9aa91a" />
      <TestMethod codeBase="E:/TMC/Prueba_Sistema/bin/Debug/Prueba_Sistema.DLL" adapterTypeName="Microsoft.VisualStudio.TestTools.TestTypes.Unit.UnitTestAdapter, Microsoft.VisualStudio.QualityTools.Tips.UnitTest.Adapter, Version=10.0.0.0, Culture=neutral, PublicKeyToken=b03f5f7f11d50a3a" className="Prueba_Sistema.SIARAlgorithmTest, Prueba_Sistema, Version=1.0.0.0, Culture=neutral, PublicKeyToken=null" name="CompareTest" />
    </UnitTest>
    <UnitTest name="SiSParcialTest" storage="e:\tmc\prueba_sistema\bin\debug\prueba_sistema.dll" id="8333709e-7c34-8f8f-6d47-225cfe519466">
      <Execution id="09cb9c6e-23da-4404-a5dc-d11192640847" />
      <TestMethod codeBase="E:/TMC/Prueba_Sistema/bin/Debug/Prueba_Sistema.DLL" adapterTypeName="Microsoft.VisualStudio.TestTools.TestTypes.Unit.UnitTestAdapter, Microsoft.VisualStudio.QualityTools.Tips.UnitTest.Adapter, Version=10.0.0.0, Culture=neutral, PublicKeyToken=b03f5f7f11d50a3a" className="Prueba_Sistema.SIARAlgorithmTest, Prueba_Sistema, Version=1.0.0.0, Culture=neutral, PublicKeyToken=null" name="SiSParcialTest" />
    </UnitTest>
    <UnitTest name="EST_SEG_TEMPTest" storage="e:\tmc\prueba_sistema\bin\debug\prueba_sistema.dll" id="3f76ec95-7759-d8f2-ecbe-b6d15cf99c2d">
      <Execution id="efb93de2-7dfe-4e19-874c-74226e6d1bf3" />
      <TestMethod codeBase="E:/TMC/Prueba_Sistema/bin/Debug/Prueba_Sistema.DLL" adapterTypeName="Microsoft.VisualStudio.TestTools.TestTypes.Unit.UnitTestAdapter, Microsoft.VisualStudio.QualityTools.Tips.UnitTest.Adapter, Version=10.0.0.0, Culture=neutral, PublicKeyToken=b03f5f7f11d50a3a" className="Prueba_Sistema.SIARAlgorithmTest, Prueba_Sistema, Version=1.0.0.0, Culture=neutral, PublicKeyToken=null" name="EST_SEG_TEMPTest" />
    </UnitTest>
    <UnitTest name="ProjectTest" storage="e:\tmc\prueba_sistema\bin\debug\prueba_sistema.dll" id="37024a35-286c-2a76-887f-ec372e0eea46">
      <Execution id="b323a6e6-51e5-4ae8-93e5-3dc5a4b555fd" />
      <TestMethod codeBase="E:/TMC/Prueba_Sistema/bin/Debug/Prueba_Sistema.DLL" adapterTypeName="Microsoft.VisualStudio.TestTools.TestTypes.Unit.UnitTestAdapter, Microsoft.VisualStudio.QualityTools.Tips.UnitTest.Adapter, Version=10.0.0.0, Culture=neutral, PublicKeyToken=b03f5f7f11d50a3a" className="Prueba_Sistema.SIARAlgorithmTest, Prueba_Sistema, Version=1.0.0.0, Culture=neutral, PublicKeyToken=null" name="ProjectTest" />
    </UnitTest>
    <UnitTest name="EST_LAMB_TEMPTest" storage="e:\tmc\prueba_sistema\bin\debug\prueba_sistema.dll" id="d4ddb7ce-2e93-ec97-f3f3-328e6ddff1c3">
      <Execution id="99ebbfb4-60c3-4b01-8a2d-6f2514c27788" />
      <TestMethod codeBase="E:/TMC/Prueba_Sistema/bin/Debug/Prueba_Sistema.DLL" adapterTypeName="Microsoft.VisualStudio.TestTools.TestTypes.Unit.UnitTestAdapter, Microsoft.VisualStudio.QualityTools.Tips.UnitTest.Adapter, Version=10.0.0.0, Culture=neutral, PublicKeyToken=b03f5f7f11d50a3a" className="Prueba_Sistema.SIARAlgorithmTest, Prueba_Sistema, Version=1.0.0.0, Culture=neutral, PublicKeyToken=null" name="EST_LAMB_TEMPTest" />
    </UnitTest>
    <UnitTest name="EST_INTER_TEMPTest" storage="e:\tmc\prueba_sistema\bin\debug\prueba_sistema.dll" id="84756d70-b361-fcbc-0f10-6bed897863ea">
      <Execution id="0cb5d3b8-3ae4-4ca5-bd13-c6a4d86b1199" />
      <TestMethod codeBase="E:/TMC/Prueba_Sistema/bin/Debug/Prueba_Sistema.DLL" adapterTypeName="Microsoft.VisualStudio.TestTools.TestTypes.Unit.UnitTestAdapter, Microsoft.VisualStudio.QualityTools.Tips.UnitTest.Adapter, Version=10.0.0.0, Culture=neutral, PublicKeyToken=b03f5f7f11d50a3a" className="Prueba_Sistema.SIARAlgorithmTest, Prueba_Sistema, Version=1.0.0.0, Culture=neutral, PublicKeyToken=null" name="EST_INTER_TEMPTest" />
    </UnitTest>
    <UnitTest name="GetDiseñoTest" storage="e:\tmc\prueba_sistema\bin\debug\prueba_sistema.dll" id="ae2c1285-ec23-0ef7-cf6a-763c2331c0dc">
      <Execution id="59b262ee-d348-4bef-9d03-d3d40028d997" />
      <TestMethod codeBase="E:/TMC/Prueba_Sistema/bin/Debug/Prueba_Sistema.DLL" adapterTypeName="Microsoft.VisualStudio.TestTools.TestTypes.Unit.UnitTestAdapter, Microsoft.VisualStudio.QualityTools.Tips.UnitTest.Adapter, Version=10.0.0.0, Culture=neutral, PublicKeyToken=b03f5f7f11d50a3a" className="Prueba_Sistema.SIARAlgorithmTest, Prueba_Sistema, Version=1.0.0.0, Culture=neutral, PublicKeyToken=null" name="GetDiseñoTest" />
    </UnitTest>
    <UnitTest name="FlujoCaloricoTest" storage="e:\tmc\prueba_sistema\bin\debug\prueba_sistema.dll" id="d038c8d4-4e44-8b85-6d3e-60f9575d8194">
      <Execution id="98981265-a02b-4c6a-8c51-eeab77b58957" />
      <TestMethod codeBase="E:/TMC/Prueba_Sistema/bin/Debug/Prueba_Sistema.DLL" adapterTypeName="Microsoft.VisualStudio.TestTools.TestTypes.Unit.UnitTestAdapter, Microsoft.VisualStudio.QualityTools.Tips.UnitTest.Adapter, Version=10.0.0.0, Culture=neutral, PublicKeyToken=b03f5f7f11d50a3a" className="Prueba_Sistema.SIARAlgorithmTest, Prueba_Sistema, Version=1.0.0.0, Culture=neutral, PublicKeyToken=null" name="FlujoCaloricoTest" />
    </UnitTest>
    <UnitTest name="ClearListTest" storage="e:\tmc\prueba_sistema\bin\debug\prueba_sistema.dll" id="e283fa52-b2bf-6e5e-21a1-5c29357ff1eb">
      <DeploymentItems>
        <DeploymentItem filename="TMC.exe" />
      </DeploymentItems>
      <Execution id="3d98cab3-a0ae-4d09-b9e7-eecbf5b11282" />
      <TestMethod codeBase="E:/TMC/Prueba_Sistema/bin/Debug/Prueba_Sistema.DLL" adapterTypeName="Microsoft.VisualStudio.TestTools.TestTypes.Unit.UnitTestAdapter, Microsoft.VisualStudio.QualityTools.Tips.UnitTest.Adapter, Version=10.0.0.0, Culture=neutral, PublicKeyToken=b03f5f7f11d50a3a" className="Prueba_Sistema.SIARAlgorithmTest, Prueba_Sistema, Version=1.0.0.0, Culture=neutral, PublicKeyToken=null" name="ClearListTest" />
    </UnitTest>
    <UnitTest name="PerdidaTotalTest" storage="e:\tmc\prueba_sistema\bin\debug\prueba_sistema.dll" id="b1342a16-0c03-ae52-8fb1-87727bd11fe1">
      <Execution id="e2155ed4-315b-416c-8466-9ef504cfa170" />
      <TestMethod codeBase="E:/TMC/Prueba_Sistema/bin/Debug/Prueba_Sistema.DLL" adapterTypeName="Microsoft.VisualStudio.TestTools.TestTypes.Unit.UnitTestAdapter, Microsoft.VisualStudio.QualityTools.Tips.UnitTest.Adapter, Version=10.0.0.0, Culture=neutral, PublicKeyToken=b03f5f7f11d50a3a" className="Prueba_Sistema.SIARAlgorithmTest, Prueba_Sistema, Version=1.0.0.0, Culture=neutral, PublicKeyToken=null" name="PerdidaTotalTest" />
    </UnitTest>
    <UnitTest name="TestMethod1" storage="e:\tmc\prueba_sistema\bin\debug\prueba_sistema.dll" id="2364cd82-690a-3e37-ca16-ba137da063d6">
      <Execution id="e184e7f2-bc5f-4fe9-b3b5-8dc25244b01e" />
      <TestMethod codeBase="E:/TMC/Prueba_Sistema/bin/Debug/Prueba_Sistema.DLL" adapterTypeName="Microsoft.VisualStudio.TestTools.TestTypes.Unit.UnitTestAdapter, Microsoft.VisualStudio.QualityTools.Tips.UnitTest.Adapter, Version=10.0.0.0, Culture=neutral, PublicKeyToken=b03f5f7f11d50a3a" className="Prueba_Sistema.UnitTest1, Prueba_Sistema, Version=1.0.0.0, Culture=neutral, PublicKeyToken=null" name="TestMethod1" />
    </UnitTest>
  </TestDefinitions>
  <TestLists>
    <TestList name="Resultados que no están en la lista" id="8c84fa94-04c1-424b-9868-57a2d4851a1d" />
    <TestList name="Todos los resultados cargados" id="19431567-8539-422a-85d7-44ee4e166bda" />
  </TestLists>
  <TestEntries>
    <TestEntry testId="2364cd82-690a-3e37-ca16-ba137da063d6" executionId="e184e7f2-bc5f-4fe9-b3b5-8dc25244b01e" testListId="8c84fa94-04c1-424b-9868-57a2d4851a1d" />
    <TestEntry testId="e737cb5a-f9b7-f821-5532-44d393d1d635" executionId="5e145c6e-655f-4049-b961-cff45d9aa91a" testListId="8c84fa94-04c1-424b-9868-57a2d4851a1d" />
    <TestEntry testId="e283fa52-b2bf-6e5e-21a1-5c29357ff1eb" executionId="3d98cab3-a0ae-4d09-b9e7-eecbf5b11282" testListId="8c84fa94-04c1-424b-9868-57a2d4851a1d" />
    <TestEntry testId="84756d70-b361-fcbc-0f10-6bed897863ea" executionId="0cb5d3b8-3ae4-4ca5-bd13-c6a4d86b1199" testListId="8c84fa94-04c1-424b-9868-57a2d4851a1d" />
    <TestEntry testId="d4ddb7ce-2e93-ec97-f3f3-328e6ddff1c3" executionId="99ebbfb4-60c3-4b01-8a2d-6f2514c27788" testListId="8c84fa94-04c1-424b-9868-57a2d4851a1d" />
    <TestEntry testId="3f76ec95-7759-d8f2-ecbe-b6d15cf99c2d" executionId="efb93de2-7dfe-4e19-874c-74226e6d1bf3" testListId="8c84fa94-04c1-424b-9868-57a2d4851a1d" />
    <TestEntry testId="9b11cded-4a4e-84a5-2c78-8b0746ca8b27" executionId="69785813-87a7-4cc9-9828-47f722851b6b" testListId="8c84fa94-04c1-424b-9868-57a2d4851a1d" />
    <TestEntry testId="d533369f-ef95-61de-851f-7f14b63c8041" executionId="ae44eb2b-6e18-4eaa-9dd9-7d0f64f588f5" testListId="8c84fa94-04c1-424b-9868-57a2d4851a1d" />
    <TestEntry testId="ae2c1285-ec23-0ef7-cf6a-763c2331c0dc" executionId="59b262ee-d348-4bef-9d03-d3d40028d997" testListId="8c84fa94-04c1-424b-9868-57a2d4851a1d" />
    <TestEntry testId="e0a21977-e264-8c96-26de-9a335ec7b5cf" executionId="fcbb9de5-366d-459c-9516-1604da935381" testListId="8c84fa94-04c1-424b-9868-57a2d4851a1d" />
    <TestEntry testId="3156c5d7-187d-6780-f47e-1c4b47dc791e" executionId="78272a69-d9fe-4083-99a4-4f87a2255804" testListId="8c84fa94-04c1-424b-9868-57a2d4851a1d" />
    <TestEntry testId="8333709e-7c34-8f8f-6d47-225cfe519466" executionId="09cb9c6e-23da-4404-a5dc-d11192640847" testListId="8c84fa94-04c1-424b-9868-57a2d4851a1d" />
    <TestEntry testId="ce31098b-d9c7-3055-28f3-234dea122832" executionId="676a71aa-cdba-4feb-9d72-d04650a8795b" testListId="8c84fa94-04c1-424b-9868-57a2d4851a1d" />
    <TestEntry testId="60cc0024-8fde-0615-0958-b27db5a00992" executionId="e3317b7d-d1d3-4336-8118-17e9a67e9f82" testListId="8c84fa94-04c1-424b-9868-57a2d4851a1d" />
    <TestEntry testId="d038c8d4-4e44-8b85-6d3e-60f9575d8194" executionId="98981265-a02b-4c6a-8c51-eeab77b58957" testListId="8c84fa94-04c1-424b-9868-57a2d4851a1d" />
    <TestEntry testId="2481ccdd-cfc2-da6a-7d5d-bc24b1620a04" executionId="07bdfeeb-c702-49fe-b71d-76cd793b2448" testListId="8c84fa94-04c1-424b-9868-57a2d4851a1d" />
    <TestEntry testId="b1342a16-0c03-ae52-8fb1-87727bd11fe1" executionId="e2155ed4-315b-416c-8466-9ef504cfa170" testListId="8c84fa94-04c1-424b-9868-57a2d4851a1d" />
    <TestEntry testId="891031eb-a5ea-caac-765e-39b3913ed33b" executionId="77537c11-a5e0-4315-bce2-4f7c70193c42" testListId="8c84fa94-04c1-424b-9868-57a2d4851a1d" />
    <TestEntry testId="37024a35-286c-2a76-887f-ec372e0eea46" executionId="b323a6e6-51e5-4ae8-93e5-3dc5a4b555fd" testListId="8c84fa94-04c1-424b-9868-57a2d4851a1d" />
    <TestEntry testId="d6383652-e0a4-f591-b9f1-9545278b7228" executionId="3cbd7499-98d7-4186-9363-d28fb225e015" testListId="8c84fa94-04c1-424b-9868-57a2d4851a1d" />
    <TestEntry testId="f786ff25-5539-a85c-e828-d51f67344fde" executionId="245459c1-c0ba-48f1-9f50-629403dcd69a" testListId="8c84fa94-04c1-424b-9868-57a2d4851a1d" />
    <TestEntry testId="4d91a320-ea14-7cc7-252c-3cc1c7b142e2" executionId="0db25553-f7bd-4c0a-8f31-8337d6f5a1c3" testListId="8c84fa94-04c1-424b-9868-57a2d4851a1d" />
    <TestEntry testId="50479122-b343-6c21-a99d-5015997c5a49" executionId="40c49938-9aa2-4768-9564-947bd22d3914" testListId="8c84fa94-04c1-424b-9868-57a2d4851a1d" />
    <TestEntry testId="1f0d3872-3d89-ddd7-c26c-88b8cdfaebef" executionId="f9551139-8440-42f7-9639-06d2bf8e6f1b" testListId="8c84fa94-04c1-424b-9868-57a2d4851a1d" />
    <TestEntry testId="8ea7a7c4-749e-adde-b50c-45b18523ee91" executionId="1886d2d2-251d-4236-b32e-7d881dffab47" testListId="8c84fa94-04c1-424b-9868-57a2d4851a1d" />
  </TestEntries>
  <Results>
    <UnitTestResult executionId="e184e7f2-bc5f-4fe9-b3b5-8dc25244b01e" testId="2364cd82-690a-3e37-ca16-ba137da063d6" testName="TestMethod1" computerName="YAMILEX" duration="00:00:00.0099709" startTime="2015-10-24T04:19:01.0565683-03:00" endTime="2015-10-24T04:19:01.8556140-03:00" testType="13cdc9d9-ddb5-4fa4-a97d-d965ccfc6d4b" outcome="Passed" testListId="8c84fa94-04c1-424b-9868-57a2d4851a1d" relativeResultsDirectory="e184e7f2-bc5f-4fe9-b3b5-8dc25244b01e">
    </UnitTestResult>
    <UnitTestResult executionId="5e145c6e-655f-4049-b961-cff45d9aa91a" testId="e737cb5a-f9b7-f821-5532-44d393d1d635" testName="CompareTest" computerName="YAMILEX" testType="13cdc9d9-ddb5-4fa4-a97d-d965ccfc6d4b" outcome="NotRunnable" testListId="8c84fa94-04c1-424b-9868-57a2d4851a1d" relativeResultsDirectory="5e145c6e-655f-4049-b961-cff45d9aa91a">
      <Output>
        <ErrorInfo>
          <Message>UTA007: la firma del método CompareTest definido en la clase Prueba_Sistema.SIARAlgorithmTest no es correcta. El método de prueba marcado con el atributo [TestMethod] debe ser no estático, público, no debe devolver ningún valor ni tomar ningún parámetro. Por ejemplo: public void Test.Class1.Test().</Message>
        </ErrorInfo>
      </Output>
    </UnitTestResult>
    <UnitTestResult executionId="3d98cab3-a0ae-4d09-b9e7-eecbf5b11282" testId="e283fa52-b2bf-6e5e-21a1-5c29357ff1eb" testName="ClearListTest" computerName="YAMILEX" duration="00:00:00.4619928" startTime="2015-10-24T04:19:01.8746151-03:00" endTime="2015-10-24T04:19:02.3496422-03:00" testType="13cdc9d9-ddb5-4fa4-a97d-d965ccfc6d4b" outcome="Passed" testListId="8c84fa94-04c1-424b-9868-57a2d4851a1d" relativeResultsDirectory="3d98cab3-a0ae-4d09-b9e7-eecbf5b11282">
    </UnitTestResult>
    <UnitTestResult executionId="0cb5d3b8-3ae4-4ca5-bd13-c6a4d86b1199" testId="84756d70-b361-fcbc-0f10-6bed897863ea" testName="EST_INTER_TEMPTest" computerName="YAMILEX" duration="00:00:19.0394130" startTime="2015-10-24T04:19:02.3856443-03:00" endTime="2015-10-24T04:19:21.4427343-03:00" testType="13cdc9d9-ddb5-4fa4-a97d-d965ccfc6d4b" outcome="Failed" testListId="8c84fa94-04c1-424b-9868-57a2d4851a1d" relativeResultsDirectory="0cb5d3b8-3ae4-4ca5-bd13-c6a4d86b1199">
      <Output>
        <ErrorInfo>
          <Message>El método de prueba Prueba_Sistema.SIARAlgorithmTest.EST_INTER_TEMPTest produjo la excepción: 
System.ArgumentOutOfRangeException: El índice estaba fuera del intervalo. Debe ser un valor no negativo e inferior al tamaño de la colección.
Nombre del parámetro: index</Message>
          <StackTrace>    en System.ThrowHelper.ThrowArgumentOutOfRangeException()
   en System.Collections.Generic.List`1.set_Item(Int32 index, T value)
   en TMC.Components.TemperatureControl.SIARAlgorithm.EST_INTER_TEMP(Double TAMP, Int32 TEXTERN) en E:\TMC\TMC\Components\TemperatureControl\SIARAlgorithms.cs:línea 363
   en Prueba_Sistema.SIARAlgorithmTest.EST_INTER_TEMPTest() en E:\TMC\Prueba_Sistema\SIARAlgorithmTest.cs:línea 199
</StackTrace>
        </ErrorInfo>
      </Output>
    </UnitTestResult>
    <UnitTestResult executionId="99ebbfb4-60c3-4b01-8a2d-6f2514c27788" testId="d4ddb7ce-2e93-ec97-f3f3-328e6ddff1c3" testName="EST_LAMB_TEMPTest" computerName="YAMILEX" duration="00:00:02.5091335" startTime="2015-10-24T04:19:21.5077380-03:00" endTime="2015-10-24T04:19:24.0318824-03:00" testType="13cdc9d9-ddb5-4fa4-a97d-d965ccfc6d4b" outcome="Failed" testListId="8c84fa94-04c1-424b-9868-57a2d4851a1d" relativeResultsDirectory="99ebbfb4-60c3-4b01-8a2d-6f2514c27788">
      <Output>
        <ErrorInfo>
          <Message>El método de prueba Prueba_Sistema.SIARAlgorithmTest.EST_LAMB_TEMPTest produjo la excepción: 
System.ArgumentOutOfRangeException: El índice estaba fuera del intervalo. Debe ser un valor no negativo e inferior al tamaño de la colección.
Nombre del parámetro: index</Message>
          <StackTrace>    en System.ThrowHelper.ThrowArgumentOutOfRangeException()
   en System.Collections.Generic.List`1.get_Item(Int32 index)
   en TMC.Components.TemperatureControl.SIARAlgorithm.EST_LAMB_TEMP(Double TINTPP, Double TAMP, Int32 TEXTERN, Int32 CRPBuscar) en E:\TMC\TMC\Components\TemperatureControl\SIARAlgorithms.cs:línea 474
   en Prueba_Sistema.SIARAlgorithmTest.EST_LAMB_TEMPTest() en E:\TMC\Prueba_Sistema\SIARAlgorithmTest.cs:línea 217
</StackTrace>
        </ErrorInfo>
      </Output>
    </UnitTestResult>
    <UnitTestResult executionId="efb93de2-7dfe-4e19-874c-74226e6d1bf3" testId="3f76ec95-7759-d8f2-ecbe-b6d15cf99c2d" testName="EST_SEG_TEMPTest" computerName="YAMILEX" duration="00:00:04.6492659" startTime="2015-10-24T04:19:24.0608841-03:00" endTime="2015-10-24T04:19:28.7101500-03:00" testType="13cdc9d9-ddb5-4fa4-a97d-d965ccfc6d4b" outcome="Aborted" testListId="8c84fa94-04c1-424b-9868-57a2d4851a1d" relativeResultsDirectory="efb93de2-7dfe-4e19-874c-74226e6d1bf3">
    </UnitTestResult>
    <UnitTestResult executionId="69785813-87a7-4cc9-9828-47f722851b6b" testId="9b11cded-4a4e-84a5-2c78-8b0746ca8b27" testName="GetAlphaExternoTest" computerName="YAMILEX" testType="13cdc9d9-ddb5-4fa4-a97d-d965ccfc6d4b" outcome="NotExecuted" testListId="8c84fa94-04c1-424b-9868-57a2d4851a1d" relativeResultsDirectory="69785813-87a7-4cc9-9828-47f722851b6b">
    </UnitTestResult>
    <UnitTestResult executionId="ae44eb2b-6e18-4eaa-9dd9-7d0f64f588f5" testId="d533369f-ef95-61de-851f-7f14b63c8041" testName="GetComposicionTest" computerName="YAMILEX" testType="13cdc9d9-ddb5-4fa4-a97d-d965ccfc6d4b" outcome="NotExecuted" testListId="8c84fa94-04c1-424b-9868-57a2d4851a1d" relativeResultsDirectory="ae44eb2b-6e18-4eaa-9dd9-7d0f64f588f5">
    </UnitTestResult>
    <UnitTestResult executionId="59b262ee-d348-4bef-9d03-d3d40028d997" testId="ae2c1285-ec23-0ef7-cf6a-763c2331c0dc" testName="GetDiseñoTest" computerName="YAMILEX" testType="13cdc9d9-ddb5-4fa4-a97d-d965ccfc6d4b" outcome="NotExecuted" testListId="8c84fa94-04c1-424b-9868-57a2d4851a1d" relativeResultsDirectory="59b262ee-d348-4bef-9d03-d3d40028d997">
    </UnitTestResult>
    <UnitTestResult executionId="fcbb9de5-366d-459c-9516-1604da935381" testId="e0a21977-e264-8c96-26de-9a335ec7b5cf" testName="GetSpesorTest" computerName="YAMILEX" testType="13cdc9d9-ddb5-4fa4-a97d-d965ccfc6d4b" outcome="NotExecuted" testListId="8c84fa94-04c1-424b-9868-57a2d4851a1d" relativeResultsDirectory="fcbb9de5-366d-459c-9516-1604da935381">
    </UnitTestResult>
    <UnitTestResult executionId="78272a69-d9fe-4083-99a4-4f87a2255804" testId="3156c5d7-187d-6780-f47e-1c4b47dc791e" testName="LamdaTest" computerName="YAMILEX" testType="13cdc9d9-ddb5-4fa4-a97d-d965ccfc6d4b" outcome="NotExecuted" testListId="8c84fa94-04c1-424b-9868-57a2d4851a1d" relativeResultsDirectory="78272a69-d9fe-4083-99a4-4f87a2255804">
    </UnitTestResult>
    <UnitTestResult executionId="09cb9c6e-23da-4404-a5dc-d11192640847" testId="8333709e-7c34-8f8f-6d47-225cfe519466" testName="SiSParcialTest" computerName="YAMILEX" testType="13cdc9d9-ddb5-4fa4-a97d-d965ccfc6d4b" outcome="NotExecuted" testListId="8c84fa94-04c1-424b-9868-57a2d4851a1d" relativeResultsDirectory="09cb9c6e-23da-4404-a5dc-d11192640847">
    </UnitTestResult>
    <UnitTestResult executionId="676a71aa-cdba-4feb-9d72-d04650a8795b" testId="ce31098b-d9c7-3055-28f3-234dea122832" testName="CostoTest" computerName="YAMILEX" testType="13cdc9d9-ddb5-4fa4-a97d-d965ccfc6d4b" outcome="NotExecuted" testListId="8c84fa94-04c1-424b-9868-57a2d4851a1d" relativeResultsDirectory="676a71aa-cdba-4feb-9d72-d04650a8795b">
    </UnitTestResult>
    <UnitTestResult executionId="e3317b7d-d1d3-4336-8118-17e9a67e9f82" testId="60cc0024-8fde-0615-0958-b27db5a00992" testName="EspesorTest" computerName="YAMILEX" testType="13cdc9d9-ddb5-4fa4-a97d-d965ccfc6d4b" outcome="NotExecuted" testListId="8c84fa94-04c1-424b-9868-57a2d4851a1d" relativeResultsDirectory="e3317b7d-d1d3-4336-8118-17e9a67e9f82">
    </UnitTestResult>
    <UnitTestResult executionId="98981265-a02b-4c6a-8c51-eeab77b58957" testId="d038c8d4-4e44-8b85-6d3e-60f9575d8194" testName="FlujoCaloricoTest" computerName="YAMILEX" testType="13cdc9d9-ddb5-4fa4-a97d-d965ccfc6d4b" outcome="NotExecuted" testListId="8c84fa94-04c1-424b-9868-57a2d4851a1d" relativeResultsDirectory="98981265-a02b-4c6a-8c51-eeab77b58957">
    </UnitTestResult>
    <UnitTestResult executionId="07bdfeeb-c702-49fe-b71d-76cd793b2448" testId="2481ccdd-cfc2-da6a-7d5d-bc24b1620a04" testName="MaterialesTest" computerName="YAMILEX" testType="13cdc9d9-ddb5-4fa4-a97d-d965ccfc6d4b" outcome="NotExecuted" testListId="8c84fa94-04c1-424b-9868-57a2d4851a1d" relativeResultsDirectory="07bdfeeb-c702-49fe-b71d-76cd793b2448">
    </UnitTestResult>
    <UnitTestResult executionId="e2155ed4-315b-416c-8466-9ef504cfa170" testId="b1342a16-0c03-ae52-8fb1-87727bd11fe1" testName="PerdidaTotalTest" computerName="YAMILEX" testType="13cdc9d9-ddb5-4fa4-a97d-d965ccfc6d4b" outcome="NotExecuted" testListId="8c84fa94-04c1-424b-9868-57a2d4851a1d" relativeResultsDirectory="e2155ed4-315b-416c-8466-9ef504cfa170">
    </UnitTestResult>
    <UnitTestResult executionId="77537c11-a5e0-4315-bce2-4f7c70193c42" testId="891031eb-a5ea-caac-765e-39b3913ed33b" testName="PesoTest" computerName="YAMILEX" testType="13cdc9d9-ddb5-4fa4-a97d-d965ccfc6d4b" outcome="NotExecuted" testListId="8c84fa94-04c1-424b-9868-57a2d4851a1d" relativeResultsDirectory="77537c11-a5e0-4315-bce2-4f7c70193c42">
    </UnitTestResult>
    <UnitTestResult executionId="b323a6e6-51e5-4ae8-93e5-3dc5a4b555fd" testId="37024a35-286c-2a76-887f-ec372e0eea46" testName="ProjectTest" computerName="YAMILEX" testType="13cdc9d9-ddb5-4fa4-a97d-d965ccfc6d4b" outcome="NotExecuted" testListId="8c84fa94-04c1-424b-9868-57a2d4851a1d" relativeResultsDirectory="b323a6e6-51e5-4ae8-93e5-3dc5a4b555fd">
    </UnitTestResult>
    <UnitTestResult executionId="3cbd7499-98d7-4186-9363-d28fb225e015" testId="d6383652-e0a4-f591-b9f1-9545278b7228" testName="ProjectObjectTest" computerName="YAMILEX" testType="13cdc9d9-ddb5-4fa4-a97d-d965ccfc6d4b" outcome="NotExecuted" testListId="8c84fa94-04c1-424b-9868-57a2d4851a1d" relativeResultsDirectory="3cbd7499-98d7-4186-9363-d28fb225e015">
    </UnitTestResult>
    <UnitTestResult executionId="245459c1-c0ba-48f1-9f50-629403dcd69a" testId="f786ff25-5539-a85c-e828-d51f67344fde" testName="SpesorTest" computerName="YAMILEX" testType="13cdc9d9-ddb5-4fa4-a97d-d965ccfc6d4b" outcome="NotExecuted" testListId="8c84fa94-04c1-424b-9868-57a2d4851a1d" relativeResultsDirectory="245459c1-c0ba-48f1-9f50-629403dcd69a">
    </UnitTestResult>
    <UnitTestResult executionId="0db25553-f7bd-4c0a-8f31-8337d6f5a1c3" testId="4d91a320-ea14-7cc7-252c-3cc1c7b142e2" testName="TDataSetTest" computerName="YAMILEX" testType="13cdc9d9-ddb5-4fa4-a97d-d965ccfc6d4b" outcome="NotExecuted" testListId="8c84fa94-04c1-424b-9868-57a2d4851a1d" relativeResultsDirectory="0db25553-f7bd-4c0a-8f31-8337d6f5a1c3">
    </UnitTestResult>
    <UnitTestResult executionId="40c49938-9aa2-4768-9564-947bd22d3914" testId="50479122-b343-6c21-a99d-5015997c5a49" testName="TempExternaTest" computerName="YAMILEX" testType="13cdc9d9-ddb5-4fa4-a97d-d965ccfc6d4b" outcome="NotExecuted" testListId="8c84fa94-04c1-424b-9868-57a2d4851a1d" relativeResultsDirectory="40c49938-9aa2-4768-9564-947bd22d3914">
    </UnitTestResult>
    <UnitTestResult executionId="f9551139-8440-42f7-9639-06d2bf8e6f1b" testId="1f0d3872-3d89-ddd7-c26c-88b8cdfaebef" testName="VolumenTest" computerName="YAMILEX" testType="13cdc9d9-ddb5-4fa4-a97d-d965ccfc6d4b" outcome="NotExecuted" testListId="8c84fa94-04c1-424b-9868-57a2d4851a1d" relativeResultsDirectory="f9551139-8440-42f7-9639-06d2bf8e6f1b">
    </UnitTestResult>
    <UnitTestResult executionId="1886d2d2-251d-4236-b32e-7d881dffab47" testId="8ea7a7c4-749e-adde-b50c-45b18523ee91" testName="SIARAlgorithmConstructorTest" computerName="YAMILEX" testType="13cdc9d9-ddb5-4fa4-a97d-d965ccfc6d4b" outcome="NotExecuted" testListId="8c84fa94-04c1-424b-9868-57a2d4851a1d" relativeResultsDirectory="1886d2d2-251d-4236-b32e-7d881dffab47">
    </UnitTestResult>
  </Results>
</TestRun>