<?xml version="1.0" encoding="UTF-8" ?>
<testsuite 
errors="0" failures="0" hostname="fv-az60" name="uk.co.gresearch.spark.diff.DiffOptionsSuite" tests="5" time="2.238" timestamp="2020-09-10T13:34:55">
  <properties>
    <property name="java.runtime.name" value="OpenJDK Runtime Environment"/>
    <property 
    name="sun.boot.library.path" value="/opt/hostedtoolcache/jdk/8.0.265/x64/jre/lib/amd64">
</property>
    <property name="java.vm.version" value="25.265-b11"/>
    <property name="jdk.vendor.version" value="Zulu 8.48.0.53-CA-linux64"/>
    <property name="java.vm.vendor" value="Azul Systems, Inc."/>
    <property name="java.vendor.url" value="http://www.azulsystems.com/"/>
    <property name="path.separator" value=":"/>
    <property name="java.vm.name" value="OpenJDK 64-Bit Server VM"/>
    <property name="file.encoding.pkg" value="sun.io"/>
    <property name="sun.java.launcher" value="SUN_STANDARD"/>
    <property name="sun.os.patch.level" value="unknown"/>
    <property 
    name="java.vm.specification.name" value="Java Virtual Machine Specification">
</property>
    <property 
    name="user.dir" value="/home/runner/work/spark-extension/spark-extension">
</property>
    <property name="java.runtime.version" value="1.8.0_265-b11"/>
    <property 
    name="java.awt.graphicsenv" value="sun.awt.X11GraphicsEnvironment">
</property>
    <property 
    name="basedir" value="/home/runner/work/spark-extension/spark-extension">
</property>
    <property 
    name="java.endorsed.dirs" value="/opt/hostedtoolcache/jdk/8.0.265/x64/jre/lib/endorsed">
</property>
    <property name="os.arch" value="amd64"/>
    <property name="java.io.tmpdir" value="/tmp"/>
    <property name="line.separator" value=" "/>
    <property name="java.vm.specification.vendor" value="Oracle Corporation"/>
    <property name="os.name" value="Linux"/>
    <property name="sun.jnu.encoding" value="UTF-8"/>
    <property 
    name="java.library.path" value="/usr/java/packages/lib/amd64:/usr/lib64:/lib64:/lib:/usr/lib">
</property>
    <property 
    name="java.specification.name" value="Java Platform API Specification">
</property>
    <property name="java.class.version" value="52.0"/>
    <property 
    name="sun.management.compiler" value="HotSpot 64-Bit Tiered Compilers">
</property>
    <property name="os.version" value="5.4.0-1023-azure"/>
    <property name="user.home" value="/home/runner"/>
    <property name="user.timezone" value=""/>
    <property name="java.awt.printerjob" value="sun.print.PSPrinterJob"/>
    <property name="file.encoding" value="UTF-8"/>
    <property name="java.specification.version" value="1.8"/>
    <property name="user.name" value="runner"/>
    <property 
    name="java.class.path" value="/home/runner/work/spark-extension/spark-extension/target/test-classes:/home/runner/work/spark-extension/spark-extension/target/classes:/home/runner/.m2/repository/org/scala-lang/scala-library/2.11.12/scala-library-2.11.12.jar:/home/runner/.m2/repository/org/apache/spark/spark-core_2.11/2.4.6/spark-core_2.11-2.4.6.jar:/home/runner/.m2/repository/com/thoughtworks/paranamer/paranamer/2.8/paranamer-2.8.jar:/home/runner/.m2/repository/org/apache/avro/avro/1.8.2/avro-1.8.2.jar:/home/runner/.m2/repository/org/codehaus/jackson/jackson-core-asl/1.9.13/jackson-core-asl-1.9.13.jar:/home/runner/.m2/repository/org/codehaus/jackson/jackson-mapper-asl/1.9.13/jackson-mapper-asl-1.9.13.jar:/home/runner/.m2/repository/org/apache/commons/commons-compress/1.8.1/commons-compress-1.8.1.jar:/home/runner/.m2/repository/org/tukaani/xz/1.5/xz-1.5.jar:/home/runner/.m2/repository/org/apache/avro/avro-mapred/1.8.2/avro-mapred-1.8.2-hadoop2.jar:/home/runner/.m2/repository/org/apache/avro/avro-ipc/1.8.2/avro-ipc-1.8.2.jar:/home/runner/.m2/repository/com/twitter/chill_2.11/0.9.3/chill_2.11-0.9.3.jar:/home/runner/.m2/repository/com/esotericsoftware/kryo-shaded/4.0.2/kryo-shaded-4.0.2.jar:/home/runner/.m2/repository/com/esotericsoftware/minlog/1.3.0/minlog-1.3.0.jar:/home/runner/.m2/repository/org/objenesis/objenesis/2.5.1/objenesis-2.5.1.jar:/home/runner/.m2/repository/com/twitter/chill-java/0.9.3/chill-java-0.9.3.jar:/home/runner/.m2/repository/org/apache/xbean/xbean-asm6-shaded/4.8/xbean-asm6-shaded-4.8.jar:/home/runner/.m2/repository/org/apache/hadoop/hadoop-client/2.6.5/hadoop-client-2.6.5.jar:/home/runner/.m2/repository/org/apache/hadoop/hadoop-common/2.6.5/hadoop-common-2.6.5.jar:/home/runner/.m2/repository/commons-cli/commons-cli/1.2/commons-cli-1.2.jar:/home/runner/.m2/repository/xmlenc/xmlenc/0.52/xmlenc-0.52.jar:/home/runner/.m2/repository/commons-httpclient/commons-httpclient/3.1/commons-httpclient-3.1.jar:/home/runner/.m2/repository/commons-io/commons-io/2.4/commons-io-2.4.jar:/home/runner/.m2/repository/commons-collections/commons-collections/3.2.2/commons-collections-3.2.2.jar:/home/runner/.m2/repository/commons-configuration/commons-configuration/1.6/commons-configuration-1.6.jar:/home/runner/.m2/repository/commons-digester/commons-digester/1.8/commons-digester-1.8.jar:/home/runner/.m2/repository/commons-beanutils/commons-beanutils/1.7.0/commons-beanutils-1.7.0.jar:/home/runner/.m2/repository/com/google/code/gson/gson/2.2.4/gson-2.2.4.jar:/home/runner/.m2/repository/org/apache/hadoop/hadoop-auth/2.6.5/hadoop-auth-2.6.5.jar:/home/runner/.m2/repository/org/apache/httpcomponents/httpclient/4.2.5/httpclient-4.2.5.jar:/home/runner/.m2/repository/org/apache/httpcomponents/httpcore/4.2.4/httpcore-4.2.4.jar:/home/runner/.m2/repository/org/apache/directory/server/apacheds-kerberos-codec/2.0.0-M15/apacheds-kerberos-codec-2.0.0-M15.jar:/home/runner/.m2/repository/org/apache/directory/server/apacheds-i18n/2.0.0-M15/apacheds-i18n-2.0.0-M15.jar:/home/runner/.m2/repository/org/apache/directory/api/api-asn1-api/1.0.0-M20/api-asn1-api-1.0.0-M20.jar:/home/runner/.m2/repository/org/apache/directory/api/api-util/1.0.0-M20/api-util-1.0.0-M20.jar:/home/runner/.m2/repository/org/apache/curator/curator-client/2.6.0/curator-client-2.6.0.jar:/home/runner/.m2/repository/org/htrace/htrace-core/3.0.4/htrace-core-3.0.4.jar:/home/runner/.m2/repository/org/apache/hadoop/hadoop-hdfs/2.6.5/hadoop-hdfs-2.6.5.jar:/home/runner/.m2/repository/org/mortbay/jetty/jetty-util/6.1.26/jetty-util-6.1.26.jar:/home/runner/.m2/repository/xerces/xercesImpl/2.9.1/xercesImpl-2.9.1.jar:/home/runner/.m2/repository/xml-apis/xml-apis/1.3.04/xml-apis-1.3.04.jar:/home/runner/.m2/repository/org/apache/hadoop/hadoop-mapreduce-client-app/2.6.5/hadoop-mapreduce-client-app-2.6.5.jar:/home/runner/.m2/repository/org/apache/hadoop/hadoop-mapreduce-client-common/2.6.5/hadoop-mapreduce-client-common-2.6.5.jar:/home/runner/.m2/repository/org/apache/hadoop/hadoop-yarn-client/2.6.5/hadoop-yarn-client-2.6.5.jar:/home/runner/.m2/repository/org/apache/hadoop/hadoop-yarn-server-common/2.6.5/hadoop-yarn-server-common-2.6.5.jar:/home/runner/.m2/repository/org/apache/hadoop/hadoop-mapreduce-client-shuffle/2.6.5/hadoop-mapreduce-client-shuffle-2.6.5.jar:/home/runner/.m2/repository/org/apache/hadoop/hadoop-yarn-api/2.6.5/hadoop-yarn-api-2.6.5.jar:/home/runner/.m2/repository/org/apache/hadoop/hadoop-mapreduce-client-core/2.6.5/hadoop-mapreduce-client-core-2.6.5.jar:/home/runner/.m2/repository/org/apache/hadoop/hadoop-yarn-common/2.6.5/hadoop-yarn-common-2.6.5.jar:/home/runner/.m2/repository/javax/xml/bind/jaxb-api/2.2.2/jaxb-api-2.2.2.jar:/home/runner/.m2/repository/javax/xml/stream/stax-api/1.0-2/stax-api-1.0-2.jar:/home/runner/.m2/repository/org/codehaus/jackson/jackson-jaxrs/1.9.13/jackson-jaxrs-1.9.13.jar:/home/runner/.m2/repository/org/codehaus/jackson/jackson-xc/1.9.13/jackson-xc-1.9.13.jar:/home/runner/.m2/repository/org/apache/hadoop/hadoop-mapreduce-client-jobclient/2.6.5/hadoop-mapreduce-client-jobclient-2.6.5.jar:/home/runner/.m2/repository/org/apache/hadoop/hadoop-annotations/2.6.5/hadoop-annotations-2.6.5.jar:/home/runner/.m2/repository/org/apache/spark/spark-launcher_2.11/2.4.6/spark-launcher_2.11-2.4.6.jar:/home/runner/.m2/repository/org/apache/spark/spark-kvstore_2.11/2.4.6/spark-kvstore_2.11-2.4.6.jar:/home/runner/.m2/repository/org/fusesource/leveldbjni/leveldbjni-all/1.8/leveldbjni-all-1.8.jar:/home/runner/.m2/repository/com/fasterxml/jackson/core/jackson-core/2.6.7/jackson-core-2.6.7.jar:/home/runner/.m2/repository/com/fasterxml/jackson/core/jackson-annotations/2.6.7/jackson-annotations-2.6.7.jar:/home/runner/.m2/repository/org/apache/spark/spark-network-common_2.11/2.4.6/spark-network-common_2.11-2.4.6.jar:/home/runner/.m2/repository/org/apache/spark/spark-network-shuffle_2.11/2.4.6/spark-network-shuffle_2.11-2.4.6.jar:/home/runner/.m2/repository/org/apache/spark/spark-unsafe_2.11/2.4.6/spark-unsafe_2.11-2.4.6.jar:/home/runner/.m2/repository/javax/activation/activation/1.1.1/activation-1.1.1.jar:/home/runner/.m2/repository/org/apache/curator/curator-recipes/2.6.0/curator-recipes-2.6.0.jar:/home/runner/.m2/repository/org/apache/curator/curator-framework/2.6.0/curator-framework-2.6.0.jar:/home/runner/.m2/repository/com/google/guava/guava/16.0.1/guava-16.0.1.jar:/home/runner/.m2/repository/org/apache/zookeeper/zookeeper/3.4.6/zookeeper-3.4.6.jar:/home/runner/.m2/repository/javax/servlet/javax.servlet-api/3.1.0/javax.servlet-api-3.1.0.jar:/home/runner/.m2/repository/org/apache/commons/commons-lang3/3.5/commons-lang3-3.5.jar:/home/runner/.m2/repository/org/apache/commons/commons-math3/3.4.1/commons-math3-3.4.1.jar:/home/runner/.m2/repository/com/google/code/findbugs/jsr305/1.3.9/jsr305-1.3.9.jar:/home/runner/.m2/repository/org/slf4j/slf4j-api/1.7.16/slf4j-api-1.7.16.jar:/home/runner/.m2/repository/org/slf4j/jul-to-slf4j/1.7.16/jul-to-slf4j-1.7.16.jar:/home/runner/.m2/repository/org/slf4j/jcl-over-slf4j/1.7.16/jcl-over-slf4j-1.7.16.jar:/home/runner/.m2/repository/log4j/log4j/1.2.17/log4j-1.2.17.jar:/home/runner/.m2/repository/org/slf4j/slf4j-log4j12/1.7.16/slf4j-log4j12-1.7.16.jar:/home/runner/.m2/repository/com/ning/compress-lzf/1.0.3/compress-lzf-1.0.3.jar:/home/runner/.m2/repository/org/xerial/snappy/snappy-java/1.1.7.5/snappy-java-1.1.7.5.jar:/home/runner/.m2/repository/org/lz4/lz4-java/1.4.0/lz4-java-1.4.0.jar:/home/runner/.m2/repository/com/github/luben/zstd-jni/1.3.2-2/zstd-jni-1.3.2-2.jar:/home/runner/.m2/repository/org/roaringbitmap/RoaringBitmap/0.7.45/RoaringBitmap-0.7.45.jar:/home/runner/.m2/repository/org/roaringbitmap/shims/0.7.45/shims-0.7.45.jar:/home/runner/.m2/repository/commons-net/commons-net/3.1/commons-net-3.1.jar:/home/runner/.m2/repository/org/json4s/json4s-jackson_2.11/3.5.3/json4s-jackson_2.11-3.5.3.jar:/home/runner/.m2/repository/org/json4s/json4s-core_2.11/3.5.3/json4s-core_2.11-3.5.3.jar:/home/runner/.m2/repository/org/json4s/json4s-ast_2.11/3.5.3/json4s-ast_2.11-3.5.3.jar:/home/runner/.m2/repository/org/json4s/json4s-scalap_2.11/3.5.3/json4s-scalap_2.11-3.5.3.jar:/home/runner/.m2/repository/org/glassfish/jersey/core/jersey-client/2.22.2/jersey-client-2.22.2.jar:/home/runner/.m2/repository/javax/ws/rs/javax.ws.rs-api/2.0.1/javax.ws.rs-api-2.0.1.jar:/home/runner/.m2/repository/org/glassfish/hk2/hk2-api/2.4.0-b34/hk2-api-2.4.0-b34.jar:/home/runner/.m2/repository/org/glassfish/hk2/hk2-utils/2.4.0-b34/hk2-utils-2.4.0-b34.jar:/home/runner/.m2/repository/org/glassfish/hk2/external/aopalliance-repackaged/2.4.0-b34/aopalliance-repackaged-2.4.0-b34.jar:/home/runner/.m2/repository/org/glassfish/hk2/external/javax.inject/2.4.0-b34/javax.inject-2.4.0-b34.jar:/home/runner/.m2/repository/org/glassfish/hk2/hk2-locator/2.4.0-b34/hk2-locator-2.4.0-b34.jar:/home/runner/.m2/repository/org/javassist/javassist/3.18.1-GA/javassist-3.18.1-GA.jar:/home/runner/.m2/repository/org/glassfish/jersey/core/jersey-common/2.22.2/jersey-common-2.22.2.jar:/home/runner/.m2/repository/javax/annotation/javax.annotation-api/1.2/javax.annotation-api-1.2.jar:/home/runner/.m2/repository/org/glassfish/jersey/bundles/repackaged/jersey-guava/2.22.2/jersey-guava-2.22.2.jar:/home/runner/.m2/repository/org/glassfish/hk2/osgi-resource-locator/1.0.1/osgi-resource-locator-1.0.1.jar:/home/runner/.m2/repository/org/glassfish/jersey/core/jersey-server/2.22.2/jersey-server-2.22.2.jar:/home/runner/.m2/repository/org/glassfish/jersey/media/jersey-media-jaxb/2.22.2/jersey-media-jaxb-2.22.2.jar:/home/runner/.m2/repository/javax/validation/validation-api/1.1.0.Final/validation-api-1.1.0.Final.jar:/home/runner/.m2/repository/org/glassfish/jersey/containers/jersey-container-servlet/2.22.2/jersey-container-servlet-2.22.2.jar:/home/runner/.m2/repository/org/glassfish/jersey/containers/jersey-container-servlet-core/2.22.2/jersey-container-servlet-core-2.22.2.jar:/home/runner/.m2/repository/io/netty/netty-all/4.1.47.Final/netty-all-4.1.47.Final.jar:/home/runner/.m2/repository/io/netty/netty/3.9.9.Final/netty-3.9.9.Final.jar:/home/runner/.m2/repository/com/clearspring/analytics/stream/2.7.0/stream-2.7.0.jar:/home/runner/.m2/repository/io/dropwizard/metrics/metrics-core/3.1.5/metrics-core-3.1.5.jar:/home/runner/.m2/repository/io/dropwizard/metrics/metrics-jvm/3.1.5/metrics-jvm-3.1.5.jar:/home/runner/.m2/repository/io/dropwizard/metrics/metrics-json/3.1.5/metrics-json-3.1.5.jar:/home/runner/.m2/repository/io/dropwizard/metrics/metrics-graphite/3.1.5/metrics-graphite-3.1.5.jar:/home/runner/.m2/repository/com/fasterxml/jackson/core/jackson-databind/2.6.7.3/jackson-databind-2.6.7.3.jar:/home/runner/.m2/repository/com/fasterxml/jackson/module/jackson-module-scala_2.11/2.6.7.1/jackson-module-scala_2.11-2.6.7.1.jar:/home/runner/.m2/repository/com/fasterxml/jackson/module/jackson-module-paranamer/2.7.9/jackson-module-paranamer-2.7.9.jar:/home/runner/.m2/repository/org/apache/ivy/ivy/2.4.0/ivy-2.4.0.jar:/home/runner/.m2/repository/oro/oro/2.0.8/oro-2.0.8.jar:/home/runner/.m2/repository/net/razorvine/pyrolite/4.13/pyrolite-4.13.jar:/home/runner/.m2/repository/net/sf/py4j/py4j/0.10.7/py4j-0.10.7.jar:/home/runner/.m2/repository/org/apache/spark/spark-tags_2.11/2.4.6/spark-tags_2.11-2.4.6.jar:/home/runner/.m2/repository/org/apache/commons/commons-crypto/1.0.0/commons-crypto-1.0.0.jar:/home/runner/.m2/repository/org/spark-project/spark/unused/1.0.0/unused-1.0.0.jar:/home/runner/.m2/repository/org/apache/spark/spark-sql_2.11/2.4.6/spark-sql_2.11-2.4.6.jar:/home/runner/.m2/repository/com/univocity/univocity-parsers/2.7.3/univocity-parsers-2.7.3.jar:/home/runner/.m2/repository/org/apache/spark/spark-sketch_2.11/2.4.6/spark-sketch_2.11-2.4.6.jar:/home/runner/.m2/repository/org/apache/spark/spark-catalyst_2.11/2.4.6/spark-catalyst_2.11-2.4.6.jar:/home/runner/.m2/repository/org/apache/orc/orc-core/1.5.5/orc-core-1.5.5-nohive.jar:/home/runner/.m2/repository/org/apache/orc/orc-shims/1.5.5/orc-shims-1.5.5.jar:/home/runner/.m2/repository/com/google/protobuf/protobuf-java/2.5.0/protobuf-java-2.5.0.jar:/home/runner/.m2/repository/commons-lang/commons-lang/2.6/commons-lang-2.6.jar:/home/runner/.m2/repository/io/airlift/aircompressor/0.10/aircompressor-0.10.jar:/home/runner/.m2/repository/org/apache/orc/orc-mapreduce/1.5.5/orc-mapreduce-1.5.5-nohive.jar:/home/runner/.m2/repository/org/apache/parquet/parquet-column/1.10.1/parquet-column-1.10.1.jar:/home/runner/.m2/repository/org/apache/parquet/parquet-common/1.10.1/parquet-common-1.10.1.jar:/home/runner/.m2/repository/org/apache/parquet/parquet-encoding/1.10.1/parquet-encoding-1.10.1.jar:/home/runner/.m2/repository/org/apache/parquet/parquet-hadoop/1.10.1/parquet-hadoop-1.10.1.jar:/home/runner/.m2/repository/org/apache/parquet/parquet-format/2.4.0/parquet-format-2.4.0.jar:/home/runner/.m2/repository/org/apache/parquet/parquet-jackson/1.10.1/parquet-jackson-1.10.1.jar:/home/runner/.m2/repository/org/apache/arrow/arrow-vector/0.10.0/arrow-vector-0.10.0.jar:/home/runner/.m2/repository/org/apache/arrow/arrow-format/0.10.0/arrow-format-0.10.0.jar:/home/runner/.m2/repository/org/apache/arrow/arrow-memory/0.10.0/arrow-memory-0.10.0.jar:/home/runner/.m2/repository/joda-time/joda-time/2.9.9/joda-time-2.9.9.jar:/home/runner/.m2/repository/com/carrotsearch/hppc/0.7.2/hppc-0.7.2.jar:/home/runner/.m2/repository/com/vlkan/flatbuffers/1.2.0-3f79e055/flatbuffers-1.2.0-3f79e055.jar:/home/runner/.m2/repository/org/apache/spark/spark-catalyst_2.11/2.4.6/spark-catalyst_2.11-2.4.6-tests.jar:/home/runner/.m2/repository/org/scala-lang/scala-reflect/2.11.12/scala-reflect-2.11.12.jar:/home/runner/.m2/repository/org/scala-lang/modules/scala-parser-combinators_2.11/1.1.0/scala-parser-combinators_2.11-1.1.0.jar:/home/runner/.m2/repository/org/codehaus/janino/janino/3.0.16/janino-3.0.16.jar:/home/runner/.m2/repository/org/codehaus/janino/commons-compiler/3.0.16/commons-compiler-3.0.16.jar:/home/runner/.m2/repository/org/antlr/antlr4-runtime/4.7/antlr4-runtime-4.7.jar:/home/runner/.m2/repository/commons-codec/commons-codec/1.10/commons-codec-1.10.jar:/home/runner/.m2/repository/org/scalatest/scalatest_2.11/3.0.8/scalatest_2.11-3.0.8.jar:/home/runner/.m2/repository/org/scalactic/scalactic_2.11/3.0.8/scalactic_2.11-3.0.8.jar:/home/runner/.m2/repository/org/scala-lang/modules/scala-xml_2.11/1.2.0/scala-xml_2.11-1.2.0.jar">
</property>
    <property name="java.vm.specification.version" value="1.8"/>
    <property name="sun.arch.data.model" value="64"/>
    <property 
    name="java.home" value="/opt/hostedtoolcache/jdk/8.0.265/x64/jre">
</property>
    <property 
    name="sun.java.command" value="org.scalatest.tools.Runner -R /home/runner/work/spark-extension/spark-extension/target/classes /home/runner/work/spark-extension/spark-extension/target/test-classes -o -fWDF /home/runner/work/spark-extension/spark-extension/target/surefire-reports/TestSuite.txt -u /home/runner/work/spark-extension/spark-extension/target/surefire-reports/.">
</property>
    <property name="java.specification.vendor" value="Oracle Corporation"/>
    <property name="user.language" value="en"/>
    <property name="awt.toolkit" value="sun.awt.X11.XToolkit"/>
    <property name="java.vm.info" value="mixed mode"/>
    <property name="java.version" value="1.8.0_265"/>
    <property 
    name="java.ext.dirs" value="/opt/hostedtoolcache/jdk/8.0.265/x64/jre/lib/ext:/usr/java/packages/lib/ext">
</property>
    <property 
    name="sun.boot.class.path" value="/opt/hostedtoolcache/jdk/8.0.265/x64/jre/lib/resources.jar:/opt/hostedtoolcache/jdk/8.0.265/x64/jre/lib/rt.jar:/opt/hostedtoolcache/jdk/8.0.265/x64/jre/lib/sunrsasign.jar:/opt/hostedtoolcache/jdk/8.0.265/x64/jre/lib/jsse.jar:/opt/hostedtoolcache/jdk/8.0.265/x64/jre/lib/jce.jar:/opt/hostedtoolcache/jdk/8.0.265/x64/jre/lib/charsets.jar:/opt/hostedtoolcache/jdk/8.0.265/x64/jre/lib/jfr.jar:/opt/hostedtoolcache/jdk/8.0.265/x64/jre/classes">
</property>
    <property name="java.vendor" value="Azul Systems, Inc."/>
    <property name="file.separator" value="/"/>
    <property 
    name="java.vendor.url.bug" value="http://www.azulsystems.com/support/">
</property>
    <property name="sun.cpu.endian" value="little"/>
    <property name="sun.io.unicode.encoding" value="UnicodeLittle"/>
    <property name="sun.cpu.isalist" value=""/>
  </properties>
  <testcase 
  name="diff options with empty diff column name" classname="uk.co.gresearch.spark.diff.DiffOptionsSuite" time="0.259">
</testcase>
  <testcase 
  name="diff options left and right prefixes" classname="uk.co.gresearch.spark.diff.DiffOptionsSuite" time="1.959">
</testcase>
  <testcase 
  name="diff options diff value" classname="uk.co.gresearch.spark.diff.DiffOptionsSuite" time="0.002">
</testcase>
  <testcase 
  name="diff options with change column name same as diff column" classname="uk.co.gresearch.spark.diff.DiffOptionsSuite" time="0.002">
</testcase>
  <testcase 
  name="fluent methods of diff options" classname="uk.co.gresearch.spark.diff.DiffOptionsSuite" time="0.001">
</testcase>
  <system-out><![CDATA[]]></system-out>
  <system-err><![CDATA[]]></system-err>
</testsuite>
