<?xml version="1.0" encoding="utf-8"?>
<TestRun id="7301c827-ef74-4655-9891-e6733305895f" name="@fv-az241-523 2022-08-15 20:44:24" xmlns="http://microsoft.com/schemas/VisualStudio/TeamTest/2010">
  <Times creation="2022-08-15T20:44:24.9575706+00:00" queuing="2022-08-15T20:44:24.9575707+00:00" start="2022-08-15T20:44:22.4630115+00:00" finish="2022-08-15T20:44:25.2386386+00:00" />
  <TestSettings name="default" id="215ee3c7-817d-4bbd-bec7-3c5bdd63279c">
    <Deployment runDeploymentRoot="_fv-az241-523_2022-08-15_20_44_24" />
  </TestSettings>
  <Results>
    <UnitTestResult executionId="0ab8c53c-b6ac-473d-865f-d451536b6264" testId="77c5082e-a11f-5000-e3a0-4b035335e888" testName="Strem.UnitTests.Core.Flows.Processors.CommandStringProcessorTests.should_parse_commands_correctly(messageText: &quot;!_1.-:22whoop&quot;, expectedCommand: &quot;_1.-:22whoop&quot;, expectedArgs: &quot;&quot;)" computerName="fv-az241-523" duration="00:00:00.0000347" startTime="2022-08-15T20:44:25.0454385+00:00" endTime="2022-08-15T20:44:25.0454386+00:00" testType="13cdc9d9-ddb5-4fa4-a97d-d965ccfc6d4b" outcome="Passed" testListId="8c84fa94-04c1-424b-9868-57a2d4851a1d" relativeResultsDirectory="0ab8c53c-b6ac-473d-865f-d451536b6264" />
    <UnitTestResult executionId="451e628a-b149-4481-8120-afb89eae2f21" testId="0846e5b4-f666-5c87-932a-303e11eafcfe" testName="Strem.UnitTests.Twitch.Tasks.SendTwitchChatMessageTaskTests.should_process_message_and_send_to_custom_twitch_channel_when_channel_provided" computerName="fv-az241-523" duration="00:00:00.0030842" startTime="2022-08-15T20:44:25.0923335+00:00" endTime="2022-08-15T20:44:25.0923337+00:00" testType="13cdc9d9-ddb5-4fa4-a97d-d965ccfc6d4b" outcome="Passed" testListId="8c84fa94-04c1-424b-9868-57a2d4851a1d" relativeResultsDirectory="451e628a-b149-4481-8120-afb89eae2f21" />
    <UnitTestResult executionId="23febe00-66b6-4899-a29b-cf7c70512ab9" testId="06aa3f40-5abd-813c-c321-a63ed9253274" testName="Strem.UnitTests.Core.Flows.Processors.CommandStringProcessorTests.should_parse_commands_correctly(messageText: &quot;!clip&quot;, expectedCommand: &quot;clip&quot;, expectedArgs: &quot;&quot;)" computerName="fv-az241-523" duration="00:00:00.0000307" startTime="2022-08-15T20:44:25.0458078+00:00" endTime="2022-08-15T20:44:25.0458079+00:00" testType="13cdc9d9-ddb5-4fa4-a97d-d965ccfc6d4b" outcome="Passed" testListId="8c84fa94-04c1-424b-9868-57a2d4851a1d" relativeResultsDirectory="23febe00-66b6-4899-a29b-cf7c70512ab9" />
    <UnitTestResult executionId="2b147ef7-1db3-41a8-b422-ffa2cf37bc15" testId="03d226ca-a177-6691-dbb5-64eb4e179b0c" testName="Strem.UnitTests.Twitch.Triggers.OnTwitchChatMessageTriggerTests.should_meet_user_restrictions_correctly(requiredType: Viewer, providedType: Viewer, shouldPass: True)" computerName="fv-az241-523" duration="00:00:00.0000720" startTime="2022-08-15T20:44:25.0120574+00:00" endTime="2022-08-15T20:44:25.0120574+00:00" testType="13cdc9d9-ddb5-4fa4-a97d-d965ccfc6d4b" outcome="Passed" testListId="8c84fa94-04c1-424b-9868-57a2d4851a1d" relativeResultsDirectory="2b147ef7-1db3-41a8-b422-ffa2cf37bc15" />
    <UnitTestResult executionId="f68a70a4-d200-4f6c-8fe6-30631ad8b4d2" testId="aa87d900-6d92-8c1b-db70-a46b1b699cbb" testName="Strem.UnitTests.Twitch.Tasks.SendTwitchChatMessageTaskTests.should_not_execute_when_oauth_token_is_available_but_is_missing_scope" computerName="fv-az241-523" duration="00:00:00.0003891" startTime="2022-08-15T20:44:25.0882857+00:00" endTime="2022-08-15T20:44:25.0882857+00:00" testType="13cdc9d9-ddb5-4fa4-a97d-d965ccfc6d4b" outcome="Passed" testListId="8c84fa94-04c1-424b-9868-57a2d4851a1d" relativeResultsDirectory="f68a70a4-d200-4f6c-8fe6-30631ad8b4d2" />
    <UnitTestResult executionId="8fa2299d-b3c0-45ad-be50-4b6ed0710965" testId="8b782166-5a72-4ec4-820d-53a1c83e34df" testName="Strem.UnitTests.Twitch.Triggers.OnTwitchChatMessageTriggerTests.should_meet_user_restrictions_correctly(requiredType: Staff, providedType: Staff, shouldPass: True)" computerName="fv-az241-523" duration="00:00:00.0000561" startTime="2022-08-15T20:44:25.0124632+00:00" endTime="2022-08-15T20:44:25.0124634+00:00" testType="13cdc9d9-ddb5-4fa4-a97d-d965ccfc6d4b" outcome="Passed" testListId="8c84fa94-04c1-424b-9868-57a2d4851a1d" relativeResultsDirectory="8fa2299d-b3c0-45ad-be50-4b6ed0710965" />
    <UnitTestResult executionId="e3750fd8-4636-4877-ba02-afec40fbc2b4" testId="5ddb629b-c08c-243d-a4f3-9c5217bc9387" testName="Strem.UnitTests.Core.State.VariablesTests.should_correctly_identify_if_it_has_key(variableName: &quot;test&quot;, creationContext: &quot;context&quot;, searchContext: &quot;&quot;, shouldFind: True)" computerName="fv-az241-523" duration="00:00:00.0359827" startTime="2022-08-15T20:44:24.8886456+00:00" endTime="2022-08-15T20:44:24.8886457+00:00" testType="13cdc9d9-ddb5-4fa4-a97d-d965ccfc6d4b" outcome="Passed" testListId="8c84fa94-04c1-424b-9868-57a2d4851a1d" relativeResultsDirectory="e3750fd8-4636-4877-ba02-afec40fbc2b4" />
    <UnitTestResult executionId="22726f80-5e0a-4901-8f8d-6fb84aeb66b5" testId="8752464d-1dc5-1c5d-9b5c-338c9bb4447f" testName="Strem.UnitTests.Twitch.Triggers.OnTwitchChatMessageTriggerTests.should_meet_user_restrictions_correctly(requiredType: Viewer, providedType: GlobalModerator, shouldPass: True)" computerName="fv-az241-523" duration="00:00:00.0000560" startTime="2022-08-15T20:44:25.0122616+00:00" endTime="2022-08-15T20:44:25.0122617+00:00" testType="13cdc9d9-ddb5-4fa4-a97d-d965ccfc6d4b" outcome="Passed" testListId="8c84fa94-04c1-424b-9868-57a2d4851a1d" relativeResultsDirectory="22726f80-5e0a-4901-8f8d-6fb84aeb66b5" />
    <UnitTestResult executionId="437c2810-6820-48fe-a80f-e148c47d4343" testId="46d64997-c60b-7a7a-9157-eaa3495cdb45" testName="Strem.UnitTests.SanityTests.EncryptionTests.should_encrypt_and_decrypt_bytes_with_different_instances" computerName="fv-az241-523" duration="00:00:00.0004193" startTime="2022-08-15T20:44:25.0635373+00:00" endTime="2022-08-15T20:44:25.0635374+00:00" testType="13cdc9d9-ddb5-4fa4-a97d-d965ccfc6d4b" outcome="Passed" testListId="8c84fa94-04c1-424b-9868-57a2d4851a1d" relativeResultsDirectory="437c2810-6820-48fe-a80f-e148c47d4343" />
    <UnitTestResult executionId="3e9f46a3-44ca-44d1-8ce6-6491ebec0f4c" testId="bd981ddc-9b67-f6f1-9c84-a32fb4627c8b" testName="Strem.UnitTests.Twitch.Triggers.OnTwitchChatMessageTriggerTests.should_not_trigger_when_no_oauth_token_is_available" computerName="fv-az241-523" duration="00:00:00.0005449" startTime="2022-08-15T20:44:25.0366907+00:00" endTime="2022-08-15T20:44:25.0366908+00:00" testType="13cdc9d9-ddb5-4fa4-a97d-d965ccfc6d4b" outcome="Passed" testListId="8c84fa94-04c1-424b-9868-57a2d4851a1d" relativeResultsDirectory="3e9f46a3-44ca-44d1-8ce6-6491ebec0f4c" />
    <UnitTestResult executionId="bf813a28-1537-4c49-a299-b84a926c25f5" testId="d3c9fa1f-99a7-cbc7-952f-3cc3326c9442" testName="Strem.UnitTests.Twitch.Triggers.OnTwitchChatMessageTriggerTests.should_meet_user_restrictions_correctly(requiredType: Broadcaster, providedType: Admin, shouldPass: True)" computerName="fv-az241-523" duration="00:00:00.0000586" startTime="2022-08-15T20:44:25.0166735+00:00" endTime="2022-08-15T20:44:25.0166736+00:00" testType="13cdc9d9-ddb5-4fa4-a97d-d965ccfc6d4b" outcome="Passed" testListId="8c84fa94-04c1-424b-9868-57a2d4851a1d" relativeResultsDirectory="bf813a28-1537-4c49-a299-b84a926c25f5" />
    <UnitTestResult executionId="763d11b6-8a55-4de0-94e4-18f3967b3cfa" testId="147ecce4-6535-a711-d02a-9c5e76fca655" testName="Strem.UnitTests.Twitch.Tasks.SendTwitchChatMessageTaskTests.should_not_execute_when_no_oauth_token_is_available" computerName="fv-az241-523" duration="00:00:00.0004060" startTime="2022-08-15T20:44:25.0828293+00:00" endTime="2022-08-15T20:44:25.0828294+00:00" testType="13cdc9d9-ddb5-4fa4-a97d-d965ccfc6d4b" outcome="Passed" testListId="8c84fa94-04c1-424b-9868-57a2d4851a1d" relativeResultsDirectory="763d11b6-8a55-4de0-94e4-18f3967b3cfa" />
    <UnitTestResult executionId="1aac9100-525c-40e6-93bf-01b0796f62e3" testId="635e4d33-743e-4b48-67a1-86c71b67c5b6" testName="Strem.UnitTests.SanityTests.EncryptionTests.should_encrypt_and_decrypt_with_extensions" computerName="fv-az241-523" duration="00:00:00.0005335" startTime="2022-08-15T20:44:25.0643467+00:00" endTime="2022-08-15T20:44:25.0643468+00:00" testType="13cdc9d9-ddb5-4fa4-a97d-d965ccfc6d4b" outcome="Passed" testListId="8c84fa94-04c1-424b-9868-57a2d4851a1d" relativeResultsDirectory="1aac9100-525c-40e6-93bf-01b0796f62e3" />
    <UnitTestResult executionId="83af02a9-e4c2-4a70-9ee1-fff0929c3225" testId="eb61a331-f66a-1823-56db-f91e86458fd6" testName="Strem.UnitTests.Core.State.VariablesTests.should_correctly_identify_if_it_has_key(variableName: &quot;test&quot;, creationContext: &quot;context&quot;, searchContext: &quot;context2&quot;, shouldFind: False)" computerName="fv-az241-523" duration="00:00:00.0000301" startTime="2022-08-15T20:44:24.8888239+00:00" endTime="2022-08-15T20:44:24.8888240+00:00" testType="13cdc9d9-ddb5-4fa4-a97d-d965ccfc6d4b" outcome="Passed" testListId="8c84fa94-04c1-424b-9868-57a2d4851a1d" relativeResultsDirectory="83af02a9-e4c2-4a70-9ee1-fff0929c3225" />
    <UnitTestResult executionId="9a6c13ba-3acf-456c-9bf9-90ab45a58123" testId="5a70fbd7-3c94-ce27-3666-064bf4772fdc" testName="Strem.UnitTests.Core.Flows.Processors.CommandStringProcessorTests.should_parse_commands_correctly(messageText: &quot;!cli.p !heya&quot;, expectedCommand: &quot;cli.p&quot;, expectedArgs: &quot;!heya&quot;)" computerName="fv-az241-523" duration="00:00:00.0020086" startTime="2022-08-15T20:44:25.0398653+00:00" endTime="2022-08-15T20:44:25.0398654+00:00" testType="13cdc9d9-ddb5-4fa4-a97d-d965ccfc6d4b" outcome="Passed" testListId="8c84fa94-04c1-424b-9868-57a2d4851a1d" relativeResultsDirectory="9a6c13ba-3acf-456c-9bf9-90ab45a58123" />
    <UnitTestResult executionId="56afd410-9c41-405f-a033-fa9d0dec0419" testId="3749e605-ec10-582b-d941-29cde4f6a148" testName="Strem.UnitTests.Default.Tasks.WriteToLogTaskTests.should_be_executable_without_any_variables" computerName="fv-az241-523" duration="00:00:00.0007556" startTime="2022-08-15T20:44:25.0446957+00:00" endTime="2022-08-15T20:44:25.0446957+00:00" testType="13cdc9d9-ddb5-4fa4-a97d-d965ccfc6d4b" outcome="Passed" testListId="8c84fa94-04c1-424b-9868-57a2d4851a1d" relativeResultsDirectory="56afd410-9c41-405f-a033-fa9d0dec0419" />
    <UnitTestResult executionId="82c2833a-54ab-4a8e-bae0-70c9cb40fef0" testId="f506fac5-9cbb-212c-e293-5e6ec7d01e5e" testName="Strem.UnitTests.Core.State.VariablesTests.should_correctly_identify_if_it_has_key(variableName: &quot;test&quot;, creationContext: &quot;context&quot;, searchContext: null, shouldFind: True)" computerName="fv-az241-523" duration="00:00:00.0000092" startTime="2022-08-15T20:44:24.8889075+00:00" endTime="2022-08-15T20:44:24.8889076+00:00" testType="13cdc9d9-ddb5-4fa4-a97d-d965ccfc6d4b" outcome="Passed" testListId="8c84fa94-04c1-424b-9868-57a2d4851a1d" relativeResultsDirectory="82c2833a-54ab-4a8e-bae0-70c9cb40fef0" />
    <UnitTestResult executionId="7dba3f4a-4cd8-45d3-b76c-cbaa5459a0c3" testId="2f891cb4-07b4-91a1-2558-534c45ef40df" testName="Strem.UnitTests.Core.Flows.Processors.CommandStringProcessorTests.should_parse_commands_correctly(messageText: &quot;!clip:massive !heya&quot;, expectedCommand: &quot;clip:massive&quot;, expectedArgs: &quot;!heya&quot;)" computerName="fv-az241-523" duration="00:00:00.0000480" startTime="2022-08-15T20:44:25.0452389+00:00" endTime="2022-08-15T20:44:25.0452390+00:00" testType="13cdc9d9-ddb5-4fa4-a97d-d965ccfc6d4b" outcome="Passed" testListId="8c84fa94-04c1-424b-9868-57a2d4851a1d" relativeResultsDirectory="7dba3f4a-4cd8-45d3-b76c-cbaa5459a0c3" />
    <UnitTestResult executionId="bcdc520e-93fb-4809-bfb7-4bf7bb491760" testId="8273b1f3-f3e7-13dd-4dae-726a87000765" testName="Strem.UnitTests.Twitch.Triggers.OnTwitchChatMessageTriggerTests.should_meet_user_restrictions_correctly(requiredType: Staff, providedType: Moderator, shouldPass: False)" computerName="fv-az241-523" duration="00:00:00.0005297" startTime="2022-08-15T20:44:25.0117949+00:00" endTime="2022-08-15T20:44:25.0117949+00:00" testType="13cdc9d9-ddb5-4fa4-a97d-d965ccfc6d4b" outcome="Passed" testListId="8c84fa94-04c1-424b-9868-57a2d4851a1d" relativeResultsDirectory="bcdc520e-93fb-4809-bfb7-4bf7bb491760" />
    <UnitTestResult executionId="9c93ac27-9575-4db4-b971-b16c71ca34f4" testId="3a6e2f3f-a2b8-0ca7-e7d2-308d13f81c4d" testName="Strem.UnitTests.Core.State.VariablesTests.should_correctly_get_key(variableName: &quot;test&quot;, creationContext: &quot;context&quot;, searchContext: &quot;context2&quot;, shouldFindValue: False)" computerName="fv-az241-523" duration="00:00:00.0030272" startTime="2022-08-15T20:44:24.9078572+00:00" endTime="2022-08-15T20:44:24.9078573+00:00" testType="13cdc9d9-ddb5-4fa4-a97d-d965ccfc6d4b" outcome="Passed" testListId="8c84fa94-04c1-424b-9868-57a2d4851a1d" relativeResultsDirectory="9c93ac27-9575-4db4-b971-b16c71ca34f4" />
    <UnitTestResult executionId="ea418b76-fb92-4acd-9bf1-9e098816d63e" testId="572c25c4-402b-ada9-992c-034fa6bf0ac3" testName="Strem.UnitTests.Twitch.Triggers.OnTwitchChatMessageTriggerTests.should_meet_user_restrictions_correctly(requiredType: Broadcaster, providedType: Staff, shouldPass: True)" computerName="fv-az241-523" duration="00:00:00.0000546" startTime="2022-08-15T20:44:25.0126632+00:00" endTime="2022-08-15T20:44:25.0126633+00:00" testType="13cdc9d9-ddb5-4fa4-a97d-d965ccfc6d4b" outcome="Passed" testListId="8c84fa94-04c1-424b-9868-57a2d4851a1d" relativeResultsDirectory="ea418b76-fb92-4acd-9bf1-9e098816d63e" />
    <UnitTestResult executionId="a76e8a25-b91c-4a4e-a48c-51c8a9da8a43" testId="05416e07-f09a-e1e1-0328-949ca69aa5fa" testName="Strem.UnitTests.Core.Flows.Processors.CommandStringProcessorTests.should_parse_commands_correctly(messageText: &quot;wehionwe weoinvwioev wevwe vinm.fwe .f/ewf. we&quot;, expectedCommand: &quot;&quot;, expectedArgs: &quot;&quot;)" computerName="fv-az241-523" duration="00:00:00.0000292" startTime="2022-08-15T20:44:25.0456234+00:00" endTime="2022-08-15T20:44:25.0456235+00:00" testType="13cdc9d9-ddb5-4fa4-a97d-d965ccfc6d4b" outcome="Passed" testListId="8c84fa94-04c1-424b-9868-57a2d4851a1d" relativeResultsDirectory="a76e8a25-b91c-4a4e-a48c-51c8a9da8a43" />
    <UnitTestResult executionId="7a763259-a74f-4cb9-ad99-5e4d574d3786" testId="93dbbce2-d475-7841-38f2-f26ae2e1955c" testName="Strem.UnitTests.Core.Flows.Processors.CommandStringProcessorTests.should_parse_commands_correctly(messageText: &quot;wooples !monkey face !woop&quot;, expectedCommand: &quot;&quot;, expectedArgs: &quot;&quot;)" computerName="fv-az241-523" duration="00:00:00.0000554" startTime="2022-08-15T20:44:25.0482488+00:00" endTime="2022-08-15T20:44:25.0482489+00:00" testType="13cdc9d9-ddb5-4fa4-a97d-d965ccfc6d4b" outcome="Passed" testListId="8c84fa94-04c1-424b-9868-57a2d4851a1d" relativeResultsDirectory="7a763259-a74f-4cb9-ad99-5e4d574d3786" />
    <UnitTestResult executionId="5f524d91-b85b-485c-be48-b120f338433a" testId="c3bbf844-e19a-6aab-4ecb-5909ca4ef1ce" testName="Strem.UnitTests.Core.State.VariablesTests.should_correctly_get_key(variableName: &quot;test&quot;, creationContext: &quot;context&quot;, searchContext: null, shouldFindValue: True)" computerName="fv-az241-523" duration="00:00:00.0000109" startTime="2022-08-15T20:44:24.8889891+00:00" endTime="2022-08-15T20:44:24.8889891+00:00" testType="13cdc9d9-ddb5-4fa4-a97d-d965ccfc6d4b" outcome="Passed" testListId="8c84fa94-04c1-424b-9868-57a2d4851a1d" relativeResultsDirectory="5f524d91-b85b-485c-be48-b120f338433a" />
    <UnitTestResult executionId="e3aafeef-0bb9-4e63-b96b-424c0b7ca347" testId="cebc520e-88bb-5728-dd27-dbd534662311" testName="Strem.UnitTests.Twitch.Triggers.OnTwitchChatMessageTriggerTests.should_meet_chat_criteria_with_no_restrictions" computerName="fv-az241-523" duration="00:00:00.0025284" startTime="2022-08-15T20:44:25.0198618+00:00" endTime="2022-08-15T20:44:25.0198619+00:00" testType="13cdc9d9-ddb5-4fa4-a97d-d965ccfc6d4b" outcome="Passed" testListId="8c84fa94-04c1-424b-9868-57a2d4851a1d" relativeResultsDirectory="e3aafeef-0bb9-4e63-b96b-424c0b7ca347" />
    <UnitTestResult executionId="d47ff74c-2abe-4796-a3fb-90fb8d98849a" testId="6d0fcebe-4e1a-1c44-d0a1-958b44d61f6d" testName="Strem.UnitTests.Core.State.VariablesTests.should_correctly_get_key(variableName: &quot;test&quot;, creationContext: &quot;context&quot;, searchContext: &quot;&quot;, shouldFindValue: True)" computerName="fv-az241-523" duration="00:00:00.0002805" startTime="2022-08-15T20:44:24.8889523+00:00" endTime="2022-08-15T20:44:24.8889530+00:00" testType="13cdc9d9-ddb5-4fa4-a97d-d965ccfc6d4b" outcome="Passed" testListId="8c84fa94-04c1-424b-9868-57a2d4851a1d" relativeResultsDirectory="d47ff74c-2abe-4796-a3fb-90fb8d98849a" />
    <UnitTestResult executionId="e43dfed8-1531-4b13-87d5-659bedfe4f8c" testId="2d6e8380-3cf3-d8b0-a55b-53fb4fc771dd" testName="Strem.UnitTests.Core.State.VariablesTests.should_correctly_get_key(variableName: &quot;test&quot;, creationContext: &quot;context&quot;, searchContext: &quot;context&quot;, shouldFindValue: True)" computerName="fv-az241-523" duration="00:00:00.0000059" startTime="2022-08-15T20:44:24.9078071+00:00" endTime="2022-08-15T20:44:24.9078071+00:00" testType="13cdc9d9-ddb5-4fa4-a97d-d965ccfc6d4b" outcome="Passed" testListId="8c84fa94-04c1-424b-9868-57a2d4851a1d" relativeResultsDirectory="e43dfed8-1531-4b13-87d5-659bedfe4f8c" />
    <UnitTestResult executionId="3ff37ec0-3564-4cee-98ce-d2b61c0cbeea" testId="6fea7b12-6ba9-daee-1e7e-e940f76947c7" testName="Strem.UnitTests.Core.State.VariablesTests.should_correctly_identify_if_it_has_key(variableName: &quot;test&quot;, creationContext: &quot;context&quot;, searchContext: &quot;context&quot;, shouldFind: True)" computerName="fv-az241-523" duration="00:00:00.0000088" startTime="2022-08-15T20:44:24.8888705+00:00" endTime="2022-08-15T20:44:24.8888706+00:00" testType="13cdc9d9-ddb5-4fa4-a97d-d965ccfc6d4b" outcome="Passed" testListId="8c84fa94-04c1-424b-9868-57a2d4851a1d" relativeResultsDirectory="3ff37ec0-3564-4cee-98ce-d2b61c0cbeea" />
    <UnitTestResult executionId="b2ec6fa8-e42b-45ef-9e90-38c181da7090" testId="1c9c180e-b614-f785-845c-7bfde11ad26c" testName="Strem.UnitTests.Core.Flows.Processors.FlowStringProcessorTests.should_correctly_template_variables" computerName="fv-az241-523" duration="00:00:00.0377285" startTime="2022-08-15T20:44:24.8489377+00:00" endTime="2022-08-15T20:44:24.8489827+00:00" testType="13cdc9d9-ddb5-4fa4-a97d-d965ccfc6d4b" outcome="Passed" testListId="8c84fa94-04c1-424b-9868-57a2d4851a1d" relativeResultsDirectory="b2ec6fa8-e42b-45ef-9e90-38c181da7090" />
    <UnitTestResult executionId="fb666800-d38a-4660-9a23-650e35f8d92f" testId="a9614ed2-26fa-18f3-ba71-5c72b90b7172" testName="Strem.UnitTests.Twitch.Triggers.OnTwitchChatMessageTriggerTests.should_trigger_when_oauth_token_is_available_and_has_scope" computerName="fv-az241-523" duration="00:00:00.0989307" startTime="2022-08-15T20:44:25.0111717+00:00" endTime="2022-08-15T20:44:25.0111718+00:00" testType="13cdc9d9-ddb5-4fa4-a97d-d965ccfc6d4b" outcome="Passed" testListId="8c84fa94-04c1-424b-9868-57a2d4851a1d" relativeResultsDirectory="fb666800-d38a-4660-9a23-650e35f8d92f" />
    <UnitTestResult executionId="9de52610-a286-47eb-8989-640b45696054" testId="d8c07cbd-770b-924d-10d6-9f3fc1866e2e" testName="Strem.UnitTests.Core.Flows.Processors.CommandStringProcessorTests.should_parse_commands_correctly(messageText: &quot;wooples&quot;, expectedCommand: &quot;&quot;, expectedArgs: &quot;&quot;)" computerName="fv-az241-523" duration="00:00:00.0001239" startTime="2022-08-15T20:44:25.0450128+00:00" endTime="2022-08-15T20:44:25.0450129+00:00" testType="13cdc9d9-ddb5-4fa4-a97d-d965ccfc6d4b" outcome="Passed" testListId="8c84fa94-04c1-424b-9868-57a2d4851a1d" relativeResultsDirectory="9de52610-a286-47eb-8989-640b45696054" />
    <UnitTestResult executionId="9f9c09f1-3c9a-4f53-8dbb-154eb861ab80" testId="1b5a4812-d809-3ede-68e3-c6b885573ceb" testName="Strem.UnitTests.SanityTests.VariableDictionaryConvertorSanityTests.should_serialize_and_deserialize_dictionary_correctly" computerName="fv-az241-523" duration="00:00:00.0525134" startTime="2022-08-15T20:44:24.9155313+00:00" endTime="2022-08-15T20:44:24.9155314+00:00" testType="13cdc9d9-ddb5-4fa4-a97d-d965ccfc6d4b" outcome="Passed" testListId="8c84fa94-04c1-424b-9868-57a2d4851a1d" relativeResultsDirectory="9f9c09f1-3c9a-4f53-8dbb-154eb861ab80" />
    <UnitTestResult executionId="aa461864-f0d6-456e-be88-cb6215d216f6" testId="2ce4260d-6678-0996-54d9-7118287f2fcf" testName="Strem.UnitTests.Twitch.Triggers.OnTwitchChatMessageTriggerTests.should_meet_user_restrictions_correctly(requiredType: Moderator, providedType: GlobalModerator, shouldPass: True)" computerName="fv-az241-523" duration="00:00:00.0000917" startTime="2022-08-15T20:44:25.0164423+00:00" endTime="2022-08-15T20:44:25.0164424+00:00" testType="13cdc9d9-ddb5-4fa4-a97d-d965ccfc6d4b" outcome="Passed" testListId="8c84fa94-04c1-424b-9868-57a2d4851a1d" relativeResultsDirectory="aa461864-f0d6-456e-be88-cb6215d216f6" />
    <UnitTestResult executionId="f8082c49-e6d9-4ce8-adb8-5550bb41cc46" testId="362ee971-14cf-ab16-5509-b1cdb6406295" testName="Strem.UnitTests.Twitch.Tasks.SendTwitchChatMessageTaskTests.should_process_message_and_send_to_users_twitch_channel_when_no_channel_provided" computerName="fv-az241-523" duration="00:00:00.0045863" startTime="2022-08-15T20:44:25.0876573+00:00" endTime="2022-08-15T20:44:25.0876574+00:00" testType="13cdc9d9-ddb5-4fa4-a97d-d965ccfc6d4b" outcome="Passed" testListId="8c84fa94-04c1-424b-9868-57a2d4851a1d" relativeResultsDirectory="f8082c49-e6d9-4ce8-adb8-5550bb41cc46" />
    <UnitTestResult executionId="56dd1bcc-c3f5-461d-a7d6-53e2bd64a07b" testId="91806dd3-100b-da4c-73f1-9684fb5c8a1b" testName="Strem.UnitTests.Core.Flows.Processors.FlowStringProcessorTests.should_correctly_pick_correct_vars_in_order" computerName="fv-az241-523" duration="00:00:00.0004802" startTime="2022-08-15T20:44:24.8884398+00:00" endTime="2022-08-15T20:44:24.8884399+00:00" testType="13cdc9d9-ddb5-4fa4-a97d-d965ccfc6d4b" outcome="Passed" testListId="8c84fa94-04c1-424b-9868-57a2d4851a1d" relativeResultsDirectory="56dd1bcc-c3f5-461d-a7d6-53e2bd64a07b" />
    <UnitTestResult executionId="9b16e5e3-db44-47a6-a515-d1f9987d5f53" testId="7623b1c8-ca1a-7f9e-9159-9b5a4c1bad58" testName="Strem.UnitTests.Twitch.Triggers.OnTwitchChatMessageTriggerTests.should_not_trigger_when_oauth_token_is_available_but_has_no_read_chat_scope" computerName="fv-az241-523" duration="00:00:00.0003801" startTime="2022-08-15T20:44:25.0373228+00:00" endTime="2022-08-15T20:44:25.0373229+00:00" testType="13cdc9d9-ddb5-4fa4-a97d-d965ccfc6d4b" outcome="Passed" testListId="8c84fa94-04c1-424b-9868-57a2d4851a1d" relativeResultsDirectory="9b16e5e3-db44-47a6-a515-d1f9987d5f53" />
    <UnitTestResult executionId="761c2d92-f5eb-4adb-beb1-8b9dc4ab9201" testId="83c87ba0-de9a-b005-701a-a3d79bcbf2f8" testName="Strem.UnitTests.SanityTests.EncryptionTests.should_encrypt_and_decrypt_bytes" computerName="fv-az241-523" duration="00:00:00.0110177" startTime="2022-08-15T20:44:25.0532107+00:00" endTime="2022-08-15T20:44:25.0532108+00:00" testType="13cdc9d9-ddb5-4fa4-a97d-d965ccfc6d4b" outcome="Passed" testListId="8c84fa94-04c1-424b-9868-57a2d4851a1d" relativeResultsDirectory="761c2d92-f5eb-4adb-beb1-8b9dc4ab9201" />
    <UnitTestResult executionId="4f7782bb-e6cf-4f48-a22f-2dc7cba0d248" testId="177af521-44ec-5a89-1c30-97307a7a17df" testName="Strem.UnitTests.Core.Flows.Processors.CommandStringProcessorTests.should_parse_commands_correctly(messageText: &quot;!clip heya&quot;, expectedCommand: &quot;clip&quot;, expectedArgs: &quot;heya&quot;)" computerName="fv-az241-523" duration="00:00:00.0000335" startTime="2022-08-15T20:44:25.0459976+00:00" endTime="2022-08-15T20:44:25.0459976+00:00" testType="13cdc9d9-ddb5-4fa4-a97d-d965ccfc6d4b" outcome="Passed" testListId="8c84fa94-04c1-424b-9868-57a2d4851a1d" relativeResultsDirectory="4f7782bb-e6cf-4f48-a22f-2dc7cba0d248" />
    <UnitTestResult executionId="7b441bfe-e83f-4052-a4a8-5774d8fff90c" testId="7608daec-94c6-5c69-8446-f416422eee40" testName="Strem.UnitTests.Core.Flows.Processors.CommandStringProcessorTests.should_parse_commands_correctly(messageText: &quot;!clip !heya&quot;, expectedCommand: &quot;clip&quot;, expectedArgs: &quot;!heya&quot;)" computerName="fv-az241-523" duration="00:00:00.0000371" startTime="2022-08-15T20:44:25.0484574+00:00" endTime="2022-08-15T20:44:25.0484574+00:00" testType="13cdc9d9-ddb5-4fa4-a97d-d965ccfc6d4b" outcome="Passed" testListId="8c84fa94-04c1-424b-9868-57a2d4851a1d" relativeResultsDirectory="7b441bfe-e83f-4052-a4a8-5774d8fff90c" />
    <UnitTestResult executionId="8c61a1f2-5600-4a44-b6c6-4acf4302c1d5" testId="e61b2162-1fb2-b68c-9f87-da20dd7af91b" testName="Strem.UnitTests.Twitch.Triggers.OnTwitchChatMessageTriggerTests.should_trigger_on_chat_message_with_no_restrictions" computerName="fv-az241-523" duration="00:00:00.0157408" startTime="2022-08-15T20:44:25.0358816+00:00" endTime="2022-08-15T20:44:25.0358818+00:00" testType="13cdc9d9-ddb5-4fa4-a97d-d965ccfc6d4b" outcome="Passed" testListId="8c84fa94-04c1-424b-9868-57a2d4851a1d" relativeResultsDirectory="8c61a1f2-5600-4a44-b6c6-4acf4302c1d5" />
    <UnitTestResult executionId="9e15c76e-ee67-4a19-b3f1-510aeccae528" testId="14d944a5-7959-0469-7483-f08f440a11ee" testName="Strem.UnitTests.Default.Tasks.WriteToLogTaskTests.should_attempt_to_pass_process_message_and_pass_to_logger" computerName="fv-az241-523" duration="00:00:00.1873049" startTime="2022-08-15T20:44:25.0446355+00:00" endTime="2022-08-15T20:44:25.0446356+00:00" testType="13cdc9d9-ddb5-4fa4-a97d-d965ccfc6d4b" outcome="Passed" testListId="8c84fa94-04c1-424b-9868-57a2d4851a1d" relativeResultsDirectory="9e15c76e-ee67-4a19-b3f1-510aeccae528" />
    <UnitTestResult executionId="05b7a6a1-668e-4fde-926d-3f973e1dc0a0" testId="3c7b9919-4265-0c96-7677-043f0448ae56" testName="Strem.UnitTests.Twitch.Triggers.OnTwitchChatMessageTriggerTests.should_meet_user_restrictions_correctly(requiredType: Broadcaster, providedType: GlobalModerator, shouldPass: False)" computerName="fv-az241-523" duration="00:00:00.0000563" startTime="2022-08-15T20:44:25.0168893+00:00" endTime="2022-08-15T20:44:25.0168893+00:00" testType="13cdc9d9-ddb5-4fa4-a97d-d965ccfc6d4b" outcome="Passed" testListId="8c84fa94-04c1-424b-9868-57a2d4851a1d" relativeResultsDirectory="05b7a6a1-668e-4fde-926d-3f973e1dc0a0" />
    <UnitTestResult executionId="b84be00f-2529-4f34-9efc-935977d1f97a" testId="f5db7519-8550-79eb-7361-3f01bdf3f249" testName="Strem.UnitTests.Twitch.Tasks.SendTwitchChatMessageTaskTests.should_allow_execute_when_oauth_token_is_available_and_has_scope" computerName="fv-az241-523" duration="00:00:00.0332306" startTime="2022-08-15T20:44:25.0821785+00:00" endTime="2022-08-15T20:44:25.0821786+00:00" testType="13cdc9d9-ddb5-4fa4-a97d-d965ccfc6d4b" outcome="Passed" testListId="8c84fa94-04c1-424b-9868-57a2d4851a1d" relativeResultsDirectory="b84be00f-2529-4f34-9efc-935977d1f97a" />
    <UnitTestResult executionId="6c6e6bde-08c6-4a17-a4a1-5aaa991570f3" testId="671e4ee6-77f5-5bf9-ee72-30ab895c2d99" testName="Strem.UnitTests.Twitch.Triggers.OnTwitchChatMessageTriggerTests.should_meet_user_restrictions_correctly(requiredType: Moderator, providedType: Viewer, shouldPass: False)" computerName="fv-az241-523" duration="00:00:00.0000569" startTime="2022-08-15T20:44:25.0170996+00:00" endTime="2022-08-15T20:44:25.0170997+00:00" testType="13cdc9d9-ddb5-4fa4-a97d-d965ccfc6d4b" outcome="Passed" testListId="8c84fa94-04c1-424b-9868-57a2d4851a1d" relativeResultsDirectory="6c6e6bde-08c6-4a17-a4a1-5aaa991570f3" />
  </Results>
  <TestDefinitions>
    <UnitTest name="Strem.UnitTests.Core.Flows.Processors.CommandStringProcessorTests.should_parse_commands_correctly(messageText: &quot;!cli.p !heya&quot;, expectedCommand: &quot;cli.p&quot;, expectedArgs: &quot;!heya&quot;)" storage="/home/runner/work/strem/strem/src/strem.unittests/bin/debug/net6.0/strem.unittests.dll" id="5a70fbd7-3c94-ce27-3666-064bf4772fdc">
      <Execution id="9a6c13ba-3acf-456c-9bf9-90ab45a58123" />
      <TestMethod codeBase="/home/runner/work/strem/strem/src/Strem.UnitTests/bin/Debug/net6.0/Strem.UnitTests.dll" adapterTypeName="executor://xunit/VsTestRunner2/netcoreapp" className="Strem.UnitTests.Core.Flows.Processors.CommandStringProcessorTests" name="should_parse_commands_correctly" />
    </UnitTest>
    <UnitTest name="Strem.UnitTests.Core.Flows.Processors.CommandStringProcessorTests.should_parse_commands_correctly(messageText: &quot;wooples !monkey face !woop&quot;, expectedCommand: &quot;&quot;, expectedArgs: &quot;&quot;)" storage="/home/runner/work/strem/strem/src/strem.unittests/bin/debug/net6.0/strem.unittests.dll" id="93dbbce2-d475-7841-38f2-f26ae2e1955c">
      <Execution id="7a763259-a74f-4cb9-ad99-5e4d574d3786" />
      <TestMethod codeBase="/home/runner/work/strem/strem/src/Strem.UnitTests/bin/Debug/net6.0/Strem.UnitTests.dll" adapterTypeName="executor://xunit/VsTestRunner2/netcoreapp" className="Strem.UnitTests.Core.Flows.Processors.CommandStringProcessorTests" name="should_parse_commands_correctly" />
    </UnitTest>
    <UnitTest name="Strem.UnitTests.Twitch.Triggers.OnTwitchChatMessageTriggerTests.should_not_trigger_when_oauth_token_is_available_but_has_no_read_chat_scope" storage="/home/runner/work/strem/strem/src/strem.unittests/bin/debug/net6.0/strem.unittests.dll" id="7623b1c8-ca1a-7f9e-9159-9b5a4c1bad58">
      <Execution id="9b16e5e3-db44-47a6-a515-d1f9987d5f53" />
      <TestMethod codeBase="/home/runner/work/strem/strem/src/Strem.UnitTests/bin/Debug/net6.0/Strem.UnitTests.dll" adapterTypeName="executor://xunit/VsTestRunner2/netcoreapp" className="Strem.UnitTests.Twitch.Triggers.OnTwitchChatMessageTriggerTests" name="should_not_trigger_when_oauth_token_is_available_but_has_no_read_chat_scope" />
    </UnitTest>
    <UnitTest name="Strem.UnitTests.Twitch.Triggers.OnTwitchChatMessageTriggerTests.should_meet_user_restrictions_correctly(requiredType: Moderator, providedType: GlobalModerator, shouldPass: True)" storage="/home/runner/work/strem/strem/src/strem.unittests/bin/debug/net6.0/strem.unittests.dll" id="2ce4260d-6678-0996-54d9-7118287f2fcf">
      <Execution id="aa461864-f0d6-456e-be88-cb6215d216f6" />
      <TestMethod codeBase="/home/runner/work/strem/strem/src/Strem.UnitTests/bin/Debug/net6.0/Strem.UnitTests.dll" adapterTypeName="executor://xunit/VsTestRunner2/netcoreapp" className="Strem.UnitTests.Twitch.Triggers.OnTwitchChatMessageTriggerTests" name="should_meet_user_restrictions_correctly" />
    </UnitTest>
    <UnitTest name="Strem.UnitTests.Twitch.Triggers.OnTwitchChatMessageTriggerTests.should_not_trigger_when_no_oauth_token_is_available" storage="/home/runner/work/strem/strem/src/strem.unittests/bin/debug/net6.0/strem.unittests.dll" id="bd981ddc-9b67-f6f1-9c84-a32fb4627c8b">
      <Execution id="3e9f46a3-44ca-44d1-8ce6-6491ebec0f4c" />
      <TestMethod codeBase="/home/runner/work/strem/strem/src/Strem.UnitTests/bin/Debug/net6.0/Strem.UnitTests.dll" adapterTypeName="executor://xunit/VsTestRunner2/netcoreapp" className="Strem.UnitTests.Twitch.Triggers.OnTwitchChatMessageTriggerTests" name="should_not_trigger_when_no_oauth_token_is_available" />
    </UnitTest>
    <UnitTest name="Strem.UnitTests.Core.Flows.Processors.FlowStringProcessorTests.should_correctly_template_variables" storage="/home/runner/work/strem/strem/src/strem.unittests/bin/debug/net6.0/strem.unittests.dll" id="1c9c180e-b614-f785-845c-7bfde11ad26c">
      <Execution id="b2ec6fa8-e42b-45ef-9e90-38c181da7090" />
      <TestMethod codeBase="/home/runner/work/strem/strem/src/Strem.UnitTests/bin/Debug/net6.0/Strem.UnitTests.dll" adapterTypeName="executor://xunit/VsTestRunner2/netcoreapp" className="Strem.UnitTests.Core.Flows.Processors.FlowStringProcessorTests" name="should_correctly_template_variables" />
    </UnitTest>
    <UnitTest name="Strem.UnitTests.Twitch.Tasks.SendTwitchChatMessageTaskTests.should_not_execute_when_oauth_token_is_available_but_is_missing_scope" storage="/home/runner/work/strem/strem/src/strem.unittests/bin/debug/net6.0/strem.unittests.dll" id="aa87d900-6d92-8c1b-db70-a46b1b699cbb">
      <Execution id="f68a70a4-d200-4f6c-8fe6-30631ad8b4d2" />
      <TestMethod codeBase="/home/runner/work/strem/strem/src/Strem.UnitTests/bin/Debug/net6.0/Strem.UnitTests.dll" adapterTypeName="executor://xunit/VsTestRunner2/netcoreapp" className="Strem.UnitTests.Twitch.Tasks.SendTwitchChatMessageTaskTests" name="should_not_execute_when_oauth_token_is_available_but_is_missing_scope" />
    </UnitTest>
    <UnitTest name="Strem.UnitTests.Twitch.Tasks.SendTwitchChatMessageTaskTests.should_not_execute_when_no_oauth_token_is_available" storage="/home/runner/work/strem/strem/src/strem.unittests/bin/debug/net6.0/strem.unittests.dll" id="147ecce4-6535-a711-d02a-9c5e76fca655">
      <Execution id="763d11b6-8a55-4de0-94e4-18f3967b3cfa" />
      <TestMethod codeBase="/home/runner/work/strem/strem/src/Strem.UnitTests/bin/Debug/net6.0/Strem.UnitTests.dll" adapterTypeName="executor://xunit/VsTestRunner2/netcoreapp" className="Strem.UnitTests.Twitch.Tasks.SendTwitchChatMessageTaskTests" name="should_not_execute_when_no_oauth_token_is_available" />
    </UnitTest>
    <UnitTest name="Strem.UnitTests.Twitch.Triggers.OnTwitchChatMessageTriggerTests.should_meet_chat_criteria_with_no_restrictions" storage="/home/runner/work/strem/strem/src/strem.unittests/bin/debug/net6.0/strem.unittests.dll" id="cebc520e-88bb-5728-dd27-dbd534662311">
      <Execution id="e3aafeef-0bb9-4e63-b96b-424c0b7ca347" />
      <TestMethod codeBase="/home/runner/work/strem/strem/src/Strem.UnitTests/bin/Debug/net6.0/Strem.UnitTests.dll" adapterTypeName="executor://xunit/VsTestRunner2/netcoreapp" className="Strem.UnitTests.Twitch.Triggers.OnTwitchChatMessageTriggerTests" name="should_meet_chat_criteria_with_no_restrictions" />
    </UnitTest>
    <UnitTest name="Strem.UnitTests.Twitch.Tasks.SendTwitchChatMessageTaskTests.should_allow_execute_when_oauth_token_is_available_and_has_scope" storage="/home/runner/work/strem/strem/src/strem.unittests/bin/debug/net6.0/strem.unittests.dll" id="f5db7519-8550-79eb-7361-3f01bdf3f249">
      <Execution id="b84be00f-2529-4f34-9efc-935977d1f97a" />
      <TestMethod codeBase="/home/runner/work/strem/strem/src/Strem.UnitTests/bin/Debug/net6.0/Strem.UnitTests.dll" adapterTypeName="executor://xunit/VsTestRunner2/netcoreapp" className="Strem.UnitTests.Twitch.Tasks.SendTwitchChatMessageTaskTests" name="should_allow_execute_when_oauth_token_is_available_and_has_scope" />
    </UnitTest>
    <UnitTest name="Strem.UnitTests.Twitch.Triggers.OnTwitchChatMessageTriggerTests.should_meet_user_restrictions_correctly(requiredType: Viewer, providedType: Viewer, shouldPass: True)" storage="/home/runner/work/strem/strem/src/strem.unittests/bin/debug/net6.0/strem.unittests.dll" id="03d226ca-a177-6691-dbb5-64eb4e179b0c">
      <Execution id="2b147ef7-1db3-41a8-b422-ffa2cf37bc15" />
      <TestMethod codeBase="/home/runner/work/strem/strem/src/Strem.UnitTests/bin/Debug/net6.0/Strem.UnitTests.dll" adapterTypeName="executor://xunit/VsTestRunner2/netcoreapp" className="Strem.UnitTests.Twitch.Triggers.OnTwitchChatMessageTriggerTests" name="should_meet_user_restrictions_correctly" />
    </UnitTest>
    <UnitTest name="Strem.UnitTests.Core.State.VariablesTests.should_correctly_identify_if_it_has_key(variableName: &quot;test&quot;, creationContext: &quot;context&quot;, searchContext: null, shouldFind: True)" storage="/home/runner/work/strem/strem/src/strem.unittests/bin/debug/net6.0/strem.unittests.dll" id="f506fac5-9cbb-212c-e293-5e6ec7d01e5e">
      <Execution id="82c2833a-54ab-4a8e-bae0-70c9cb40fef0" />
      <TestMethod codeBase="/home/runner/work/strem/strem/src/Strem.UnitTests/bin/Debug/net6.0/Strem.UnitTests.dll" adapterTypeName="executor://xunit/VsTestRunner2/netcoreapp" className="Strem.UnitTests.Core.State.VariablesTests" name="should_correctly_identify_if_it_has_key" />
    </UnitTest>
    <UnitTest name="Strem.UnitTests.Core.Flows.Processors.CommandStringProcessorTests.should_parse_commands_correctly(messageText: &quot;!clip&quot;, expectedCommand: &quot;clip&quot;, expectedArgs: &quot;&quot;)" storage="/home/runner/work/strem/strem/src/strem.unittests/bin/debug/net6.0/strem.unittests.dll" id="06aa3f40-5abd-813c-c321-a63ed9253274">
      <Execution id="23febe00-66b6-4899-a29b-cf7c70512ab9" />
      <TestMethod codeBase="/home/runner/work/strem/strem/src/Strem.UnitTests/bin/Debug/net6.0/Strem.UnitTests.dll" adapterTypeName="executor://xunit/VsTestRunner2/netcoreapp" className="Strem.UnitTests.Core.Flows.Processors.CommandStringProcessorTests" name="should_parse_commands_correctly" />
    </UnitTest>
    <UnitTest name="Strem.UnitTests.Twitch.Tasks.SendTwitchChatMessageTaskTests.should_process_message_and_send_to_custom_twitch_channel_when_channel_provided" storage="/home/runner/work/strem/strem/src/strem.unittests/bin/debug/net6.0/strem.unittests.dll" id="0846e5b4-f666-5c87-932a-303e11eafcfe">
      <Execution id="451e628a-b149-4481-8120-afb89eae2f21" />
      <TestMethod codeBase="/home/runner/work/strem/strem/src/Strem.UnitTests/bin/Debug/net6.0/Strem.UnitTests.dll" adapterTypeName="executor://xunit/VsTestRunner2/netcoreapp" className="Strem.UnitTests.Twitch.Tasks.SendTwitchChatMessageTaskTests" name="should_process_message_and_send_to_custom_twitch_channel_when_channel_provided" />
    </UnitTest>
    <UnitTest name="Strem.UnitTests.Twitch.Triggers.OnTwitchChatMessageTriggerTests.should_meet_user_restrictions_correctly(requiredType: Staff, providedType: Staff, shouldPass: True)" storage="/home/runner/work/strem/strem/src/strem.unittests/bin/debug/net6.0/strem.unittests.dll" id="8b782166-5a72-4ec4-820d-53a1c83e34df">
      <Execution id="8fa2299d-b3c0-45ad-be50-4b6ed0710965" />
      <TestMethod codeBase="/home/runner/work/strem/strem/src/Strem.UnitTests/bin/Debug/net6.0/Strem.UnitTests.dll" adapterTypeName="executor://xunit/VsTestRunner2/netcoreapp" className="Strem.UnitTests.Twitch.Triggers.OnTwitchChatMessageTriggerTests" name="should_meet_user_restrictions_correctly" />
    </UnitTest>
    <UnitTest name="Strem.UnitTests.Core.Flows.Processors.FlowStringProcessorTests.should_correctly_pick_correct_vars_in_order" storage="/home/runner/work/strem/strem/src/strem.unittests/bin/debug/net6.0/strem.unittests.dll" id="91806dd3-100b-da4c-73f1-9684fb5c8a1b">
      <Execution id="56dd1bcc-c3f5-461d-a7d6-53e2bd64a07b" />
      <TestMethod codeBase="/home/runner/work/strem/strem/src/Strem.UnitTests/bin/Debug/net6.0/Strem.UnitTests.dll" adapterTypeName="executor://xunit/VsTestRunner2/netcoreapp" className="Strem.UnitTests.Core.Flows.Processors.FlowStringProcessorTests" name="should_correctly_pick_correct_vars_in_order" />
    </UnitTest>
    <UnitTest name="Strem.UnitTests.SanityTests.EncryptionTests.should_encrypt_and_decrypt_with_extensions" storage="/home/runner/work/strem/strem/src/strem.unittests/bin/debug/net6.0/strem.unittests.dll" id="635e4d33-743e-4b48-67a1-86c71b67c5b6">
      <Execution id="1aac9100-525c-40e6-93bf-01b0796f62e3" />
      <TestMethod codeBase="/home/runner/work/strem/strem/src/Strem.UnitTests/bin/Debug/net6.0/Strem.UnitTests.dll" adapterTypeName="executor://xunit/VsTestRunner2/netcoreapp" className="Strem.UnitTests.SanityTests.EncryptionTests" name="should_encrypt_and_decrypt_with_extensions" />
    </UnitTest>
    <UnitTest name="Strem.UnitTests.Core.Flows.Processors.CommandStringProcessorTests.should_parse_commands_correctly(messageText: &quot;!_1.-:22whoop&quot;, expectedCommand: &quot;_1.-:22whoop&quot;, expectedArgs: &quot;&quot;)" storage="/home/runner/work/strem/strem/src/strem.unittests/bin/debug/net6.0/strem.unittests.dll" id="77c5082e-a11f-5000-e3a0-4b035335e888">
      <Execution id="0ab8c53c-b6ac-473d-865f-d451536b6264" />
      <TestMethod codeBase="/home/runner/work/strem/strem/src/Strem.UnitTests/bin/Debug/net6.0/Strem.UnitTests.dll" adapterTypeName="executor://xunit/VsTestRunner2/netcoreapp" className="Strem.UnitTests.Core.Flows.Processors.CommandStringProcessorTests" name="should_parse_commands_correctly" />
    </UnitTest>
    <UnitTest name="Strem.UnitTests.SanityTests.EncryptionTests.should_encrypt_and_decrypt_bytes_with_different_instances" storage="/home/runner/work/strem/strem/src/strem.unittests/bin/debug/net6.0/strem.unittests.dll" id="46d64997-c60b-7a7a-9157-eaa3495cdb45">
      <Execution id="437c2810-6820-48fe-a80f-e148c47d4343" />
      <TestMethod codeBase="/home/runner/work/strem/strem/src/Strem.UnitTests/bin/Debug/net6.0/Strem.UnitTests.dll" adapterTypeName="executor://xunit/VsTestRunner2/netcoreapp" className="Strem.UnitTests.SanityTests.EncryptionTests" name="should_encrypt_and_decrypt_bytes_with_different_instances" />
    </UnitTest>
    <UnitTest name="Strem.UnitTests.Twitch.Tasks.SendTwitchChatMessageTaskTests.should_process_message_and_send_to_users_twitch_channel_when_no_channel_provided" storage="/home/runner/work/strem/strem/src/strem.unittests/bin/debug/net6.0/strem.unittests.dll" id="362ee971-14cf-ab16-5509-b1cdb6406295">
      <Execution id="f8082c49-e6d9-4ce8-adb8-5550bb41cc46" />
      <TestMethod codeBase="/home/runner/work/strem/strem/src/Strem.UnitTests/bin/Debug/net6.0/Strem.UnitTests.dll" adapterTypeName="executor://xunit/VsTestRunner2/netcoreapp" className="Strem.UnitTests.Twitch.Tasks.SendTwitchChatMessageTaskTests" name="should_process_message_and_send_to_users_twitch_channel_when_no_channel_provided" />
    </UnitTest>
    <UnitTest name="Strem.UnitTests.Core.State.VariablesTests.should_correctly_get_key(variableName: &quot;test&quot;, creationContext: &quot;context&quot;, searchContext: &quot;context2&quot;, shouldFindValue: False)" storage="/home/runner/work/strem/strem/src/strem.unittests/bin/debug/net6.0/strem.unittests.dll" id="3a6e2f3f-a2b8-0ca7-e7d2-308d13f81c4d">
      <Execution id="9c93ac27-9575-4db4-b971-b16c71ca34f4" />
      <TestMethod codeBase="/home/runner/work/strem/strem/src/Strem.UnitTests/bin/Debug/net6.0/Strem.UnitTests.dll" adapterTypeName="executor://xunit/VsTestRunner2/netcoreapp" className="Strem.UnitTests.Core.State.VariablesTests" name="should_correctly_get_key" />
    </UnitTest>
    <UnitTest name="Strem.UnitTests.SanityTests.EncryptionTests.should_encrypt_and_decrypt_bytes" storage="/home/runner/work/strem/strem/src/strem.unittests/bin/debug/net6.0/strem.unittests.dll" id="83c87ba0-de9a-b005-701a-a3d79bcbf2f8">
      <Execution id="761c2d92-f5eb-4adb-beb1-8b9dc4ab9201" />
      <TestMethod codeBase="/home/runner/work/strem/strem/src/Strem.UnitTests/bin/Debug/net6.0/Strem.UnitTests.dll" adapterTypeName="executor://xunit/VsTestRunner2/netcoreapp" className="Strem.UnitTests.SanityTests.EncryptionTests" name="should_encrypt_and_decrypt_bytes" />
    </UnitTest>
    <UnitTest name="Strem.UnitTests.Twitch.Triggers.OnTwitchChatMessageTriggerTests.should_meet_user_restrictions_correctly(requiredType: Broadcaster, providedType: Admin, shouldPass: True)" storage="/home/runner/work/strem/strem/src/strem.unittests/bin/debug/net6.0/strem.unittests.dll" id="d3c9fa1f-99a7-cbc7-952f-3cc3326c9442">
      <Execution id="bf813a28-1537-4c49-a299-b84a926c25f5" />
      <TestMethod codeBase="/home/runner/work/strem/strem/src/Strem.UnitTests/bin/Debug/net6.0/Strem.UnitTests.dll" adapterTypeName="executor://xunit/VsTestRunner2/netcoreapp" className="Strem.UnitTests.Twitch.Triggers.OnTwitchChatMessageTriggerTests" name="should_meet_user_restrictions_correctly" />
    </UnitTest>
    <UnitTest name="Strem.UnitTests.Twitch.Triggers.OnTwitchChatMessageTriggerTests.should_trigger_on_chat_message_with_no_restrictions" storage="/home/runner/work/strem/strem/src/strem.unittests/bin/debug/net6.0/strem.unittests.dll" id="e61b2162-1fb2-b68c-9f87-da20dd7af91b">
      <Execution id="8c61a1f2-5600-4a44-b6c6-4acf4302c1d5" />
      <TestMethod codeBase="/home/runner/work/strem/strem/src/Strem.UnitTests/bin/Debug/net6.0/Strem.UnitTests.dll" adapterTypeName="executor://xunit/VsTestRunner2/netcoreapp" className="Strem.UnitTests.Twitch.Triggers.OnTwitchChatMessageTriggerTests" name="should_trigger_on_chat_message_with_no_restrictions" />
    </UnitTest>
    <UnitTest name="Strem.UnitTests.Default.Tasks.WriteToLogTaskTests.should_attempt_to_pass_process_message_and_pass_to_logger" storage="/home/runner/work/strem/strem/src/strem.unittests/bin/debug/net6.0/strem.unittests.dll" id="14d944a5-7959-0469-7483-f08f440a11ee">
      <Execution id="9e15c76e-ee67-4a19-b3f1-510aeccae528" />
      <TestMethod codeBase="/home/runner/work/strem/strem/src/Strem.UnitTests/bin/Debug/net6.0/Strem.UnitTests.dll" adapterTypeName="executor://xunit/VsTestRunner2/netcoreapp" className="Strem.UnitTests.Default.Tasks.WriteToLogTaskTests" name="should_attempt_to_pass_process_message_and_pass_to_logger" />
    </UnitTest>
    <UnitTest name="Strem.UnitTests.Default.Tasks.WriteToLogTaskTests.should_be_executable_without_any_variables" storage="/home/runner/work/strem/strem/src/strem.unittests/bin/debug/net6.0/strem.unittests.dll" id="3749e605-ec10-582b-d941-29cde4f6a148">
      <Execution id="56afd410-9c41-405f-a033-fa9d0dec0419" />
      <TestMethod codeBase="/home/runner/work/strem/strem/src/Strem.UnitTests/bin/Debug/net6.0/Strem.UnitTests.dll" adapterTypeName="executor://xunit/VsTestRunner2/netcoreapp" className="Strem.UnitTests.Default.Tasks.WriteToLogTaskTests" name="should_be_executable_without_any_variables" />
    </UnitTest>
    <UnitTest name="Strem.UnitTests.Twitch.Triggers.OnTwitchChatMessageTriggerTests.should_meet_user_restrictions_correctly(requiredType: Broadcaster, providedType: GlobalModerator, shouldPass: False)" storage="/home/runner/work/strem/strem/src/strem.unittests/bin/debug/net6.0/strem.unittests.dll" id="3c7b9919-4265-0c96-7677-043f0448ae56">
      <Execution id="05b7a6a1-668e-4fde-926d-3f973e1dc0a0" />
      <TestMethod codeBase="/home/runner/work/strem/strem/src/Strem.UnitTests/bin/Debug/net6.0/Strem.UnitTests.dll" adapterTypeName="executor://xunit/VsTestRunner2/netcoreapp" className="Strem.UnitTests.Twitch.Triggers.OnTwitchChatMessageTriggerTests" name="should_meet_user_restrictions_correctly" />
    </UnitTest>
    <UnitTest name="Strem.UnitTests.Twitch.Triggers.OnTwitchChatMessageTriggerTests.should_meet_user_restrictions_correctly(requiredType: Broadcaster, providedType: Staff, shouldPass: True)" storage="/home/runner/work/strem/strem/src/strem.unittests/bin/debug/net6.0/strem.unittests.dll" id="572c25c4-402b-ada9-992c-034fa6bf0ac3">
      <Execution id="ea418b76-fb92-4acd-9bf1-9e098816d63e" />
      <TestMethod codeBase="/home/runner/work/strem/strem/src/Strem.UnitTests/bin/Debug/net6.0/Strem.UnitTests.dll" adapterTypeName="executor://xunit/VsTestRunner2/netcoreapp" className="Strem.UnitTests.Twitch.Triggers.OnTwitchChatMessageTriggerTests" name="should_meet_user_restrictions_correctly" />
    </UnitTest>
    <UnitTest name="Strem.UnitTests.Core.Flows.Processors.CommandStringProcessorTests.should_parse_commands_correctly(messageText: &quot;!clip heya&quot;, expectedCommand: &quot;clip&quot;, expectedArgs: &quot;heya&quot;)" storage="/home/runner/work/strem/strem/src/strem.unittests/bin/debug/net6.0/strem.unittests.dll" id="177af521-44ec-5a89-1c30-97307a7a17df">
      <Execution id="4f7782bb-e6cf-4f48-a22f-2dc7cba0d248" />
      <TestMethod codeBase="/home/runner/work/strem/strem/src/Strem.UnitTests/bin/Debug/net6.0/Strem.UnitTests.dll" adapterTypeName="executor://xunit/VsTestRunner2/netcoreapp" className="Strem.UnitTests.Core.Flows.Processors.CommandStringProcessorTests" name="should_parse_commands_correctly" />
    </UnitTest>
    <UnitTest name="Strem.UnitTests.Twitch.Triggers.OnTwitchChatMessageTriggerTests.should_meet_user_restrictions_correctly(requiredType: Viewer, providedType: GlobalModerator, shouldPass: True)" storage="/home/runner/work/strem/strem/src/strem.unittests/bin/debug/net6.0/strem.unittests.dll" id="8752464d-1dc5-1c5d-9b5c-338c9bb4447f">
      <Execution id="22726f80-5e0a-4901-8f8d-6fb84aeb66b5" />
      <TestMethod codeBase="/home/runner/work/strem/strem/src/Strem.UnitTests/bin/Debug/net6.0/Strem.UnitTests.dll" adapterTypeName="executor://xunit/VsTestRunner2/netcoreapp" className="Strem.UnitTests.Twitch.Triggers.OnTwitchChatMessageTriggerTests" name="should_meet_user_restrictions_correctly" />
    </UnitTest>
    <UnitTest name="Strem.UnitTests.SanityTests.VariableDictionaryConvertorSanityTests.should_serialize_and_deserialize_dictionary_correctly" storage="/home/runner/work/strem/strem/src/strem.unittests/bin/debug/net6.0/strem.unittests.dll" id="1b5a4812-d809-3ede-68e3-c6b885573ceb">
      <Execution id="9f9c09f1-3c9a-4f53-8dbb-154eb861ab80" />
      <TestMethod codeBase="/home/runner/work/strem/strem/src/Strem.UnitTests/bin/Debug/net6.0/Strem.UnitTests.dll" adapterTypeName="executor://xunit/VsTestRunner2/netcoreapp" className="Strem.UnitTests.SanityTests.VariableDictionaryConvertorSanityTests" name="should_serialize_and_deserialize_dictionary_correctly" />
    </UnitTest>
    <UnitTest name="Strem.UnitTests.Core.State.VariablesTests.should_correctly_identify_if_it_has_key(variableName: &quot;test&quot;, creationContext: &quot;context&quot;, searchContext: &quot;&quot;, shouldFind: True)" storage="/home/runner/work/strem/strem/src/strem.unittests/bin/debug/net6.0/strem.unittests.dll" id="5ddb629b-c08c-243d-a4f3-9c5217bc9387">
      <Execution id="e3750fd8-4636-4877-ba02-afec40fbc2b4" />
      <TestMethod codeBase="/home/runner/work/strem/strem/src/Strem.UnitTests/bin/Debug/net6.0/Strem.UnitTests.dll" adapterTypeName="executor://xunit/VsTestRunner2/netcoreapp" className="Strem.UnitTests.Core.State.VariablesTests" name="should_correctly_identify_if_it_has_key" />
    </UnitTest>
    <UnitTest name="Strem.UnitTests.Core.State.VariablesTests.should_correctly_get_key(variableName: &quot;test&quot;, creationContext: &quot;context&quot;, searchContext: &quot;context&quot;, shouldFindValue: True)" storage="/home/runner/work/strem/strem/src/strem.unittests/bin/debug/net6.0/strem.unittests.dll" id="2d6e8380-3cf3-d8b0-a55b-53fb4fc771dd">
      <Execution id="e43dfed8-1531-4b13-87d5-659bedfe4f8c" />
      <TestMethod codeBase="/home/runner/work/strem/strem/src/Strem.UnitTests/bin/Debug/net6.0/Strem.UnitTests.dll" adapterTypeName="executor://xunit/VsTestRunner2/netcoreapp" className="Strem.UnitTests.Core.State.VariablesTests" name="should_correctly_get_key" />
    </UnitTest>
    <UnitTest name="Strem.UnitTests.Twitch.Triggers.OnTwitchChatMessageTriggerTests.should_meet_user_restrictions_correctly(requiredType: Staff, providedType: Moderator, shouldPass: False)" storage="/home/runner/work/strem/strem/src/strem.unittests/bin/debug/net6.0/strem.unittests.dll" id="8273b1f3-f3e7-13dd-4dae-726a87000765">
      <Execution id="bcdc520e-93fb-4809-bfb7-4bf7bb491760" />
      <TestMethod codeBase="/home/runner/work/strem/strem/src/Strem.UnitTests/bin/Debug/net6.0/Strem.UnitTests.dll" adapterTypeName="executor://xunit/VsTestRunner2/netcoreapp" className="Strem.UnitTests.Twitch.Triggers.OnTwitchChatMessageTriggerTests" name="should_meet_user_restrictions_correctly" />
    </UnitTest>
    <UnitTest name="Strem.UnitTests.Core.Flows.Processors.CommandStringProcessorTests.should_parse_commands_correctly(messageText: &quot;wehionwe weoinvwioev wevwe vinm.fwe .f/ewf. we&quot;, expectedCommand: &quot;&quot;, expectedArgs: &quot;&quot;)" storage="/home/runner/work/strem/strem/src/strem.unittests/bin/debug/net6.0/strem.unittests.dll" id="05416e07-f09a-e1e1-0328-949ca69aa5fa">
      <Execution id="a76e8a25-b91c-4a4e-a48c-51c8a9da8a43" />
      <TestMethod codeBase="/home/runner/work/strem/strem/src/Strem.UnitTests/bin/Debug/net6.0/Strem.UnitTests.dll" adapterTypeName="executor://xunit/VsTestRunner2/netcoreapp" className="Strem.UnitTests.Core.Flows.Processors.CommandStringProcessorTests" name="should_parse_commands_correctly" />
    </UnitTest>
    <UnitTest name="Strem.UnitTests.Core.Flows.Processors.CommandStringProcessorTests.should_parse_commands_correctly(messageText: &quot;wooples&quot;, expectedCommand: &quot;&quot;, expectedArgs: &quot;&quot;)" storage="/home/runner/work/strem/strem/src/strem.unittests/bin/debug/net6.0/strem.unittests.dll" id="d8c07cbd-770b-924d-10d6-9f3fc1866e2e">
      <Execution id="9de52610-a286-47eb-8989-640b45696054" />
      <TestMethod codeBase="/home/runner/work/strem/strem/src/Strem.UnitTests/bin/Debug/net6.0/Strem.UnitTests.dll" adapterTypeName="executor://xunit/VsTestRunner2/netcoreapp" className="Strem.UnitTests.Core.Flows.Processors.CommandStringProcessorTests" name="should_parse_commands_correctly" />
    </UnitTest>
    <UnitTest name="Strem.UnitTests.Core.State.VariablesTests.should_correctly_identify_if_it_has_key(variableName: &quot;test&quot;, creationContext: &quot;context&quot;, searchContext: &quot;context&quot;, shouldFind: True)" storage="/home/runner/work/strem/strem/src/strem.unittests/bin/debug/net6.0/strem.unittests.dll" id="6fea7b12-6ba9-daee-1e7e-e940f76947c7">
      <Execution id="3ff37ec0-3564-4cee-98ce-d2b61c0cbeea" />
      <TestMethod codeBase="/home/runner/work/strem/strem/src/Strem.UnitTests/bin/Debug/net6.0/Strem.UnitTests.dll" adapterTypeName="executor://xunit/VsTestRunner2/netcoreapp" className="Strem.UnitTests.Core.State.VariablesTests" name="should_correctly_identify_if_it_has_key" />
    </UnitTest>
    <UnitTest name="Strem.UnitTests.Core.State.VariablesTests.should_correctly_identify_if_it_has_key(variableName: &quot;test&quot;, creationContext: &quot;context&quot;, searchContext: &quot;context2&quot;, shouldFind: False)" storage="/home/runner/work/strem/strem/src/strem.unittests/bin/debug/net6.0/strem.unittests.dll" id="eb61a331-f66a-1823-56db-f91e86458fd6">
      <Execution id="83af02a9-e4c2-4a70-9ee1-fff0929c3225" />
      <TestMethod codeBase="/home/runner/work/strem/strem/src/Strem.UnitTests/bin/Debug/net6.0/Strem.UnitTests.dll" adapterTypeName="executor://xunit/VsTestRunner2/netcoreapp" className="Strem.UnitTests.Core.State.VariablesTests" name="should_correctly_identify_if_it_has_key" />
    </UnitTest>
    <UnitTest name="Strem.UnitTests.Core.State.VariablesTests.should_correctly_get_key(variableName: &quot;test&quot;, creationContext: &quot;context&quot;, searchContext: &quot;&quot;, shouldFindValue: True)" storage="/home/runner/work/strem/strem/src/strem.unittests/bin/debug/net6.0/strem.unittests.dll" id="6d0fcebe-4e1a-1c44-d0a1-958b44d61f6d">
      <Execution id="d47ff74c-2abe-4796-a3fb-90fb8d98849a" />
      <TestMethod codeBase="/home/runner/work/strem/strem/src/Strem.UnitTests/bin/Debug/net6.0/Strem.UnitTests.dll" adapterTypeName="executor://xunit/VsTestRunner2/netcoreapp" className="Strem.UnitTests.Core.State.VariablesTests" name="should_correctly_get_key" />
    </UnitTest>
    <UnitTest name="Strem.UnitTests.Core.Flows.Processors.CommandStringProcessorTests.should_parse_commands_correctly(messageText: &quot;!clip:massive !heya&quot;, expectedCommand: &quot;clip:massive&quot;, expectedArgs: &quot;!heya&quot;)" storage="/home/runner/work/strem/strem/src/strem.unittests/bin/debug/net6.0/strem.unittests.dll" id="2f891cb4-07b4-91a1-2558-534c45ef40df">
      <Execution id="7dba3f4a-4cd8-45d3-b76c-cbaa5459a0c3" />
      <TestMethod codeBase="/home/runner/work/strem/strem/src/Strem.UnitTests/bin/Debug/net6.0/Strem.UnitTests.dll" adapterTypeName="executor://xunit/VsTestRunner2/netcoreapp" className="Strem.UnitTests.Core.Flows.Processors.CommandStringProcessorTests" name="should_parse_commands_correctly" />
    </UnitTest>
    <UnitTest name="Strem.UnitTests.Core.State.VariablesTests.should_correctly_get_key(variableName: &quot;test&quot;, creationContext: &quot;context&quot;, searchContext: null, shouldFindValue: True)" storage="/home/runner/work/strem/strem/src/strem.unittests/bin/debug/net6.0/strem.unittests.dll" id="c3bbf844-e19a-6aab-4ecb-5909ca4ef1ce">
      <Execution id="5f524d91-b85b-485c-be48-b120f338433a" />
      <TestMethod codeBase="/home/runner/work/strem/strem/src/Strem.UnitTests/bin/Debug/net6.0/Strem.UnitTests.dll" adapterTypeName="executor://xunit/VsTestRunner2/netcoreapp" className="Strem.UnitTests.Core.State.VariablesTests" name="should_correctly_get_key" />
    </UnitTest>
    <UnitTest name="Strem.UnitTests.Twitch.Triggers.OnTwitchChatMessageTriggerTests.should_meet_user_restrictions_correctly(requiredType: Moderator, providedType: Viewer, shouldPass: False)" storage="/home/runner/work/strem/strem/src/strem.unittests/bin/debug/net6.0/strem.unittests.dll" id="671e4ee6-77f5-5bf9-ee72-30ab895c2d99">
      <Execution id="6c6e6bde-08c6-4a17-a4a1-5aaa991570f3" />
      <TestMethod codeBase="/home/runner/work/strem/strem/src/Strem.UnitTests/bin/Debug/net6.0/Strem.UnitTests.dll" adapterTypeName="executor://xunit/VsTestRunner2/netcoreapp" className="Strem.UnitTests.Twitch.Triggers.OnTwitchChatMessageTriggerTests" name="should_meet_user_restrictions_correctly" />
    </UnitTest>
    <UnitTest name="Strem.UnitTests.Twitch.Triggers.OnTwitchChatMessageTriggerTests.should_trigger_when_oauth_token_is_available_and_has_scope" storage="/home/runner/work/strem/strem/src/strem.unittests/bin/debug/net6.0/strem.unittests.dll" id="a9614ed2-26fa-18f3-ba71-5c72b90b7172">
      <Execution id="fb666800-d38a-4660-9a23-650e35f8d92f" />
      <TestMethod codeBase="/home/runner/work/strem/strem/src/Strem.UnitTests/bin/Debug/net6.0/Strem.UnitTests.dll" adapterTypeName="executor://xunit/VsTestRunner2/netcoreapp" className="Strem.UnitTests.Twitch.Triggers.OnTwitchChatMessageTriggerTests" name="should_trigger_when_oauth_token_is_available_and_has_scope" />
    </UnitTest>
    <UnitTest name="Strem.UnitTests.Core.Flows.Processors.CommandStringProcessorTests.should_parse_commands_correctly(messageText: &quot;!clip !heya&quot;, expectedCommand: &quot;clip&quot;, expectedArgs: &quot;!heya&quot;)" storage="/home/runner/work/strem/strem/src/strem.unittests/bin/debug/net6.0/strem.unittests.dll" id="7608daec-94c6-5c69-8446-f416422eee40">
      <Execution id="7b441bfe-e83f-4052-a4a8-5774d8fff90c" />
      <TestMethod codeBase="/home/runner/work/strem/strem/src/Strem.UnitTests/bin/Debug/net6.0/Strem.UnitTests.dll" adapterTypeName="executor://xunit/VsTestRunner2/netcoreapp" className="Strem.UnitTests.Core.Flows.Processors.CommandStringProcessorTests" name="should_parse_commands_correctly" />
    </UnitTest>
  </TestDefinitions>
  <TestEntries>
    <TestEntry testId="77c5082e-a11f-5000-e3a0-4b035335e888" executionId="0ab8c53c-b6ac-473d-865f-d451536b6264" testListId="8c84fa94-04c1-424b-9868-57a2d4851a1d" />
    <TestEntry testId="0846e5b4-f666-5c87-932a-303e11eafcfe" executionId="451e628a-b149-4481-8120-afb89eae2f21" testListId="8c84fa94-04c1-424b-9868-57a2d4851a1d" />
    <TestEntry testId="06aa3f40-5abd-813c-c321-a63ed9253274" executionId="23febe00-66b6-4899-a29b-cf7c70512ab9" testListId="8c84fa94-04c1-424b-9868-57a2d4851a1d" />
    <TestEntry testId="03d226ca-a177-6691-dbb5-64eb4e179b0c" executionId="2b147ef7-1db3-41a8-b422-ffa2cf37bc15" testListId="8c84fa94-04c1-424b-9868-57a2d4851a1d" />
    <TestEntry testId="aa87d900-6d92-8c1b-db70-a46b1b699cbb" executionId="f68a70a4-d200-4f6c-8fe6-30631ad8b4d2" testListId="8c84fa94-04c1-424b-9868-57a2d4851a1d" />
    <TestEntry testId="8b782166-5a72-4ec4-820d-53a1c83e34df" executionId="8fa2299d-b3c0-45ad-be50-4b6ed0710965" testListId="8c84fa94-04c1-424b-9868-57a2d4851a1d" />
    <TestEntry testId="5ddb629b-c08c-243d-a4f3-9c5217bc9387" executionId="e3750fd8-4636-4877-ba02-afec40fbc2b4" testListId="8c84fa94-04c1-424b-9868-57a2d4851a1d" />
    <TestEntry testId="8752464d-1dc5-1c5d-9b5c-338c9bb4447f" executionId="22726f80-5e0a-4901-8f8d-6fb84aeb66b5" testListId="8c84fa94-04c1-424b-9868-57a2d4851a1d" />
    <TestEntry testId="46d64997-c60b-7a7a-9157-eaa3495cdb45" executionId="437c2810-6820-48fe-a80f-e148c47d4343" testListId="8c84fa94-04c1-424b-9868-57a2d4851a1d" />
    <TestEntry testId="bd981ddc-9b67-f6f1-9c84-a32fb4627c8b" executionId="3e9f46a3-44ca-44d1-8ce6-6491ebec0f4c" testListId="8c84fa94-04c1-424b-9868-57a2d4851a1d" />
    <TestEntry testId="d3c9fa1f-99a7-cbc7-952f-3cc3326c9442" executionId="bf813a28-1537-4c49-a299-b84a926c25f5" testListId="8c84fa94-04c1-424b-9868-57a2d4851a1d" />
    <TestEntry testId="147ecce4-6535-a711-d02a-9c5e76fca655" executionId="763d11b6-8a55-4de0-94e4-18f3967b3cfa" testListId="8c84fa94-04c1-424b-9868-57a2d4851a1d" />
    <TestEntry testId="635e4d33-743e-4b48-67a1-86c71b67c5b6" executionId="1aac9100-525c-40e6-93bf-01b0796f62e3" testListId="8c84fa94-04c1-424b-9868-57a2d4851a1d" />
    <TestEntry testId="eb61a331-f66a-1823-56db-f91e86458fd6" executionId="83af02a9-e4c2-4a70-9ee1-fff0929c3225" testListId="8c84fa94-04c1-424b-9868-57a2d4851a1d" />
    <TestEntry testId="5a70fbd7-3c94-ce27-3666-064bf4772fdc" executionId="9a6c13ba-3acf-456c-9bf9-90ab45a58123" testListId="8c84fa94-04c1-424b-9868-57a2d4851a1d" />
    <TestEntry testId="3749e605-ec10-582b-d941-29cde4f6a148" executionId="56afd410-9c41-405f-a033-fa9d0dec0419" testListId="8c84fa94-04c1-424b-9868-57a2d4851a1d" />
    <TestEntry testId="f506fac5-9cbb-212c-e293-5e6ec7d01e5e" executionId="82c2833a-54ab-4a8e-bae0-70c9cb40fef0" testListId="8c84fa94-04c1-424b-9868-57a2d4851a1d" />
    <TestEntry testId="2f891cb4-07b4-91a1-2558-534c45ef40df" executionId="7dba3f4a-4cd8-45d3-b76c-cbaa5459a0c3" testListId="8c84fa94-04c1-424b-9868-57a2d4851a1d" />
    <TestEntry testId="8273b1f3-f3e7-13dd-4dae-726a87000765" executionId="bcdc520e-93fb-4809-bfb7-4bf7bb491760" testListId="8c84fa94-04c1-424b-9868-57a2d4851a1d" />
    <TestEntry testId="3a6e2f3f-a2b8-0ca7-e7d2-308d13f81c4d" executionId="9c93ac27-9575-4db4-b971-b16c71ca34f4" testListId="8c84fa94-04c1-424b-9868-57a2d4851a1d" />
    <TestEntry testId="572c25c4-402b-ada9-992c-034fa6bf0ac3" executionId="ea418b76-fb92-4acd-9bf1-9e098816d63e" testListId="8c84fa94-04c1-424b-9868-57a2d4851a1d" />
    <TestEntry testId="05416e07-f09a-e1e1-0328-949ca69aa5fa" executionId="a76e8a25-b91c-4a4e-a48c-51c8a9da8a43" testListId="8c84fa94-04c1-424b-9868-57a2d4851a1d" />
    <TestEntry testId="93dbbce2-d475-7841-38f2-f26ae2e1955c" executionId="7a763259-a74f-4cb9-ad99-5e4d574d3786" testListId="8c84fa94-04c1-424b-9868-57a2d4851a1d" />
    <TestEntry testId="c3bbf844-e19a-6aab-4ecb-5909ca4ef1ce" executionId="5f524d91-b85b-485c-be48-b120f338433a" testListId="8c84fa94-04c1-424b-9868-57a2d4851a1d" />
    <TestEntry testId="cebc520e-88bb-5728-dd27-dbd534662311" executionId="e3aafeef-0bb9-4e63-b96b-424c0b7ca347" testListId="8c84fa94-04c1-424b-9868-57a2d4851a1d" />
    <TestEntry testId="6d0fcebe-4e1a-1c44-d0a1-958b44d61f6d" executionId="d47ff74c-2abe-4796-a3fb-90fb8d98849a" testListId="8c84fa94-04c1-424b-9868-57a2d4851a1d" />
    <TestEntry testId="2d6e8380-3cf3-d8b0-a55b-53fb4fc771dd" executionId="e43dfed8-1531-4b13-87d5-659bedfe4f8c" testListId="8c84fa94-04c1-424b-9868-57a2d4851a1d" />
    <TestEntry testId="6fea7b12-6ba9-daee-1e7e-e940f76947c7" executionId="3ff37ec0-3564-4cee-98ce-d2b61c0cbeea" testListId="8c84fa94-04c1-424b-9868-57a2d4851a1d" />
    <TestEntry testId="1c9c180e-b614-f785-845c-7bfde11ad26c" executionId="b2ec6fa8-e42b-45ef-9e90-38c181da7090" testListId="8c84fa94-04c1-424b-9868-57a2d4851a1d" />
    <TestEntry testId="a9614ed2-26fa-18f3-ba71-5c72b90b7172" executionId="fb666800-d38a-4660-9a23-650e35f8d92f" testListId="8c84fa94-04c1-424b-9868-57a2d4851a1d" />
    <TestEntry testId="d8c07cbd-770b-924d-10d6-9f3fc1866e2e" executionId="9de52610-a286-47eb-8989-640b45696054" testListId="8c84fa94-04c1-424b-9868-57a2d4851a1d" />
    <TestEntry testId="1b5a4812-d809-3ede-68e3-c6b885573ceb" executionId="9f9c09f1-3c9a-4f53-8dbb-154eb861ab80" testListId="8c84fa94-04c1-424b-9868-57a2d4851a1d" />
    <TestEntry testId="2ce4260d-6678-0996-54d9-7118287f2fcf" executionId="aa461864-f0d6-456e-be88-cb6215d216f6" testListId="8c84fa94-04c1-424b-9868-57a2d4851a1d" />
    <TestEntry testId="362ee971-14cf-ab16-5509-b1cdb6406295" executionId="f8082c49-e6d9-4ce8-adb8-5550bb41cc46" testListId="8c84fa94-04c1-424b-9868-57a2d4851a1d" />
    <TestEntry testId="91806dd3-100b-da4c-73f1-9684fb5c8a1b" executionId="56dd1bcc-c3f5-461d-a7d6-53e2bd64a07b" testListId="8c84fa94-04c1-424b-9868-57a2d4851a1d" />
    <TestEntry testId="7623b1c8-ca1a-7f9e-9159-9b5a4c1bad58" executionId="9b16e5e3-db44-47a6-a515-d1f9987d5f53" testListId="8c84fa94-04c1-424b-9868-57a2d4851a1d" />
    <TestEntry testId="83c87ba0-de9a-b005-701a-a3d79bcbf2f8" executionId="761c2d92-f5eb-4adb-beb1-8b9dc4ab9201" testListId="8c84fa94-04c1-424b-9868-57a2d4851a1d" />
    <TestEntry testId="177af521-44ec-5a89-1c30-97307a7a17df" executionId="4f7782bb-e6cf-4f48-a22f-2dc7cba0d248" testListId="8c84fa94-04c1-424b-9868-57a2d4851a1d" />
    <TestEntry testId="7608daec-94c6-5c69-8446-f416422eee40" executionId="7b441bfe-e83f-4052-a4a8-5774d8fff90c" testListId="8c84fa94-04c1-424b-9868-57a2d4851a1d" />
    <TestEntry testId="e61b2162-1fb2-b68c-9f87-da20dd7af91b" executionId="8c61a1f2-5600-4a44-b6c6-4acf4302c1d5" testListId="8c84fa94-04c1-424b-9868-57a2d4851a1d" />
    <TestEntry testId="14d944a5-7959-0469-7483-f08f440a11ee" executionId="9e15c76e-ee67-4a19-b3f1-510aeccae528" testListId="8c84fa94-04c1-424b-9868-57a2d4851a1d" />
    <TestEntry testId="3c7b9919-4265-0c96-7677-043f0448ae56" executionId="05b7a6a1-668e-4fde-926d-3f973e1dc0a0" testListId="8c84fa94-04c1-424b-9868-57a2d4851a1d" />
    <TestEntry testId="f5db7519-8550-79eb-7361-3f01bdf3f249" executionId="b84be00f-2529-4f34-9efc-935977d1f97a" testListId="8c84fa94-04c1-424b-9868-57a2d4851a1d" />
    <TestEntry testId="671e4ee6-77f5-5bf9-ee72-30ab895c2d99" executionId="6c6e6bde-08c6-4a17-a4a1-5aaa991570f3" testListId="8c84fa94-04c1-424b-9868-57a2d4851a1d" />
  </TestEntries>
  <TestLists>
    <TestList name="Results Not in a List" id="8c84fa94-04c1-424b-9868-57a2d4851a1d" />
    <TestList name="All Loaded Results" id="19431567-8539-422a-85d7-44ee4e166bda" />
  </TestLists>
  <ResultSummary outcome="Completed">
    <Counters total="44" executed="44" passed="44" failed="0" error="0" timeout="0" aborted="0" inconclusive="0" passedButRunAborted="0" notRunnable="0" notExecuted="0" disconnected="0" warning="0" completed="0" inProgress="0" pending="0" />
    <Output>
      <StdOut>[xUnit.net 00:00:00.00] xUnit.net VSTest Adapter v2.4.3+1b45f5407b (64-bit .NET 6.0.8)
[xUnit.net 00:00:01.16]   Discovering: Strem.UnitTests
[xUnit.net 00:00:01.26]   Discovered:  Strem.UnitTests
[xUnit.net 00:00:01.26]   Starting:    Strem.UnitTests
[xUnit.net 00:00:01.65]   Finished:    Strem.UnitTests
</StdOut>
    </Output>
  </ResultSummary>
</TestRun>