<?xml version="1.0" encoding="utf-8"?><testsuites><testsuite errors="0" failures="0" hostname="d5d0cd4e97d4" name="pytest" skipped="0" tests="24" time="124.719" timestamp="2020-08-31T09:23:11.677701"><testcase classname="test.integration.test_static_run.StaticRunTests" file="test/integration/test_static_run.py" line="148" name="test_run_failure_gloo_local_cmd" time="3.067"></testcase><testcase classname="test.integration.test_static_run.StaticRunTests" file="test/integration/test_static_run.py" line="148" name="test_run_failure_gloo_local_func" time="3.856"></testcase><testcase classname="test.integration.test_static_run.StaticRunTests" file="test/integration/test_static_run.py" line="148" name="test_run_failure_gloo_mixed_cmd" time="4.578"></testcase><testcase classname="test.integration.test_static_run.StaticRunTests" file="test/integration/test_static_run.py" line="148" name="test_run_failure_gloo_mixed_func" time="5.311"></testcase><testcase classname="test.integration.test_static_run.StaticRunTests" file="test/integration/test_static_run.py" line="148" name="test_run_failure_gloo_remote_cmd" time="4.867"></testcase><testcase classname="test.integration.test_static_run.StaticRunTests" file="test/integration/test_static_run.py" line="148" name="test_run_failure_gloo_remote_func" time="6.054"></testcase><testcase classname="test.integration.test_static_run.StaticRunTests" file="test/integration/test_static_run.py" line="148" name="test_run_failure_mpi_local_cmd" time="6.032"></testcase><testcase classname="test.integration.test_static_run.StaticRunTests" file="test/integration/test_static_run.py" line="148" name="test_run_failure_mpi_local_func" time="6.664"></testcase><testcase classname="test.integration.test_static_run.StaticRunTests" file="test/integration/test_static_run.py" line="148" name="test_run_failure_mpi_mixed_cmd" time="6.398"></testcase><testcase classname="test.integration.test_static_run.StaticRunTests" file="test/integration/test_static_run.py" line="148" name="test_run_failure_mpi_mixed_func" time="7.151"></testcase><testcase classname="test.integration.test_static_run.StaticRunTests" file="test/integration/test_static_run.py" line="148" name="test_run_failure_mpi_remote_cmd" time="7.365"></testcase><testcase classname="test.integration.test_static_run.StaticRunTests" file="test/integration/test_static_run.py" line="148" name="test_run_failure_mpi_remote_func" time="6.825"></testcase><testcase classname="test.integration.test_static_run.StaticRunTests" file="test/integration/test_static_run.py" line="135" name="test_run_success_gloo_local_cmd" time="3.439"></testcase><testcase classname="test.integration.test_static_run.StaticRunTests" file="test/integration/test_static_run.py" line="135" name="test_run_success_gloo_local_func" time="3.429"></testcase><testcase classname="test.integration.test_static_run.StaticRunTests" file="test/integration/test_static_run.py" line="135" name="test_run_success_gloo_mixed_cmd" time="4.804"></testcase><testcase classname="test.integration.test_static_run.StaticRunTests" file="test/integration/test_static_run.py" line="135" name="test_run_success_gloo_mixed_func" time="5.134"></testcase><testcase classname="test.integration.test_static_run.StaticRunTests" file="test/integration/test_static_run.py" line="135" name="test_run_success_gloo_remote_cmd" time="4.886"></testcase><testcase classname="test.integration.test_static_run.StaticRunTests" file="test/integration/test_static_run.py" line="135" name="test_run_success_gloo_remote_func" time="5.585"></testcase><testcase classname="test.integration.test_static_run.StaticRunTests" file="test/integration/test_static_run.py" line="135" name="test_run_success_mpi_local_cmd" time="3.761"></testcase><testcase classname="test.integration.test_static_run.StaticRunTests" file="test/integration/test_static_run.py" line="135" name="test_run_success_mpi_local_func" time="4.591"></testcase><testcase classname="test.integration.test_static_run.StaticRunTests" file="test/integration/test_static_run.py" line="135" name="test_run_success_mpi_mixed_cmd" time="5.203"></testcase><testcase classname="test.integration.test_static_run.StaticRunTests" file="test/integration/test_static_run.py" line="135" name="test_run_success_mpi_mixed_func" time="5.504"></testcase><testcase classname="test.integration.test_static_run.StaticRunTests" file="test/integration/test_static_run.py" line="135" name="test_run_success_mpi_remote_cmd" time="5.238"></testcase><testcase classname="test.integration.test_static_run.StaticRunTests" file="test/integration/test_static_run.py" line="135" name="test_run_success_mpi_remote_func" time="4.697"></testcase></testsuite></testsuites>