<?xml version="1.0" encoding="utf-8"?><testsuites><testsuite errors="0" failures="0" hostname="3cda9070441d" name="pytest" skipped="12" tests="24" time="69.153" timestamp="2020-08-31T09:24:42.375746"><testcase classname="test.integration.test_static_run.StaticRunTests" file="test/integration/test_static_run.py" line="148" name="test_run_failure_gloo_local_cmd" time="3.284"></testcase><testcase classname="test.integration.test_static_run.StaticRunTests" file="test/integration/test_static_run.py" line="148" name="test_run_failure_gloo_local_func" time="3.885"></testcase><testcase classname="test.integration.test_static_run.StaticRunTests" file="test/integration/test_static_run.py" line="148" name="test_run_failure_gloo_mixed_cmd" time="4.615"></testcase><testcase classname="test.integration.test_static_run.StaticRunTests" file="test/integration/test_static_run.py" line="148" name="test_run_failure_gloo_mixed_func" time="5.338"></testcase><testcase classname="test.integration.test_static_run.StaticRunTests" file="test/integration/test_static_run.py" line="148" name="test_run_failure_gloo_remote_cmd" time="4.680"></testcase><testcase classname="test.integration.test_static_run.StaticRunTests" file="test/integration/test_static_run.py" line="148" name="test_run_failure_gloo_remote_func" time="5.279"></testcase><testcase classname="test.integration.test_static_run.StaticRunTests" file="test/integration/test_static_run.py" line="148" name="test_run_failure_mpi_local_cmd" time="1.422"><skipped message="MPI is not available" type="pytest.skip">/horovod/test/integration/test_static_run.py:149: MPI is not available</skipped></testcase><testcase classname="test.integration.test_static_run.StaticRunTests" file="test/integration/test_static_run.py" line="148" name="test_run_failure_mpi_local_func" time="1.329"><skipped message="MPI is not available" type="pytest.skip">/horovod/test/integration/test_static_run.py:149: MPI is not available</skipped></testcase><testcase classname="test.integration.test_static_run.StaticRunTests" file="test/integration/test_static_run.py" line="148" name="test_run_failure_mpi_mixed_cmd" time="1.320"><skipped message="MPI is not available" type="pytest.skip">/horovod/test/integration/test_static_run.py:149: MPI is not available</skipped></testcase><testcase classname="test.integration.test_static_run.StaticRunTests" file="test/integration/test_static_run.py" line="148" name="test_run_failure_mpi_mixed_func" time="1.324"><skipped message="MPI is not available" type="pytest.skip">/horovod/test/integration/test_static_run.py:149: MPI is not available</skipped></testcase><testcase classname="test.integration.test_static_run.StaticRunTests" file="test/integration/test_static_run.py" line="148" name="test_run_failure_mpi_remote_cmd" time="1.318"><skipped message="MPI is not available" type="pytest.skip">/horovod/test/integration/test_static_run.py:149: MPI is not available</skipped></testcase><testcase classname="test.integration.test_static_run.StaticRunTests" file="test/integration/test_static_run.py" line="148" name="test_run_failure_mpi_remote_func" time="1.321"><skipped message="MPI is not available" type="pytest.skip">/horovod/test/integration/test_static_run.py:149: MPI is not available</skipped></testcase><testcase classname="test.integration.test_static_run.StaticRunTests" file="test/integration/test_static_run.py" line="135" name="test_run_success_gloo_local_cmd" time="2.914"></testcase><testcase classname="test.integration.test_static_run.StaticRunTests" file="test/integration/test_static_run.py" line="135" name="test_run_success_gloo_local_func" time="3.739"></testcase><testcase classname="test.integration.test_static_run.StaticRunTests" file="test/integration/test_static_run.py" line="135" name="test_run_success_gloo_mixed_cmd" time="4.611"></testcase><testcase classname="test.integration.test_static_run.StaticRunTests" file="test/integration/test_static_run.py" line="135" name="test_run_success_gloo_mixed_func" time="4.809"></testcase><testcase classname="test.integration.test_static_run.StaticRunTests" file="test/integration/test_static_run.py" line="135" name="test_run_success_gloo_remote_cmd" time="4.597"></testcase><testcase classname="test.integration.test_static_run.StaticRunTests" file="test/integration/test_static_run.py" line="135" name="test_run_success_gloo_remote_func" time="4.788"></testcase><testcase classname="test.integration.test_static_run.StaticRunTests" file="test/integration/test_static_run.py" line="135" name="test_run_success_mpi_local_cmd" time="1.377"><skipped message="MPI is not available" type="pytest.skip">/horovod/test/integration/test_static_run.py:136: MPI is not available</skipped></testcase><testcase classname="test.integration.test_static_run.StaticRunTests" file="test/integration/test_static_run.py" line="135" name="test_run_success_mpi_local_func" time="1.361"><skipped message="MPI is not available" type="pytest.skip">/horovod/test/integration/test_static_run.py:136: MPI is not available</skipped></testcase><testcase classname="test.integration.test_static_run.StaticRunTests" file="test/integration/test_static_run.py" line="135" name="test_run_success_mpi_mixed_cmd" time="1.373"><skipped message="MPI is not available" type="pytest.skip">/horovod/test/integration/test_static_run.py:136: MPI is not available</skipped></testcase><testcase classname="test.integration.test_static_run.StaticRunTests" file="test/integration/test_static_run.py" line="135" name="test_run_success_mpi_mixed_func" time="1.436"><skipped message="MPI is not available" type="pytest.skip">/horovod/test/integration/test_static_run.py:136: MPI is not available</skipped></testcase><testcase classname="test.integration.test_static_run.StaticRunTests" file="test/integration/test_static_run.py" line="135" name="test_run_success_mpi_remote_cmd" time="1.351"><skipped message="MPI is not available" type="pytest.skip">/horovod/test/integration/test_static_run.py:136: MPI is not available</skipped></testcase><testcase classname="test.integration.test_static_run.StaticRunTests" file="test/integration/test_static_run.py" line="135" name="test_run_success_mpi_remote_func" time="1.425"><skipped message="MPI is not available" type="pytest.skip">/horovod/test/integration/test_static_run.py:136: MPI is not available</skipped></testcase></testsuite></testsuites>