<?xml version="1.0" encoding="utf-8"?><testsuites><testsuite errors="0" failures="0" hostname="5528853fbe73" name="pytest" skipped="17" tests="97" time="205.094" timestamp="2020-08-31T09:24:41.605653"><testcase classname="test.test_spark.SparkTests" file="test/test_spark.py" line="1408" name="test_check_shape_compatibility" time="6.389"></testcase><testcase classname="test.test_spark.SparkTests" file="test/test_spark.py" line="1016" name="test_df_cache" time="7.311"></testcase><testcase classname="test.test_spark.SparkTests" file="test/test_spark.py" line="119" name="test_driver_common_interfaces" time="0.508"></testcase><testcase classname="test.test_spark.SparkTests" file="test/test_spark.py" line="140" name="test_driver_common_interfaces_fails" time="0.509"></testcase><testcase classname="test.test_spark.SparkTests" file="test/test_spark.py" line="127" name="test_driver_common_interfaces_from_settings" time="0.507"></testcase><testcase classname="test.test_spark.SparkTests" file="test/test_spark.py" line="152" name="test_driver_set_local_rank_to_index" time="0.510"></testcase><testcase classname="test.test_spark.SparkTests" file="test/test_spark.py" line="1637" name="test_get_available_devices" time="0.001"><skipped message="get_available_devices only supported in Spark 3.0 and above" type="pytest.skip">/horovod/test/test_spark.py:1638: get_available_devices only supported in Spark 3.0 and above</skipped></testcase><testcase classname="test.test_spark.SparkTests" file="test/test_spark.py" line="1098" name="test_get_col_info" time="5.967"></testcase><testcase classname="test.test_spark.SparkTests" file="test/test_spark.py" line="1147" name="test_get_col_info_error_bad_shape" time="6.228"></testcase><testcase classname="test.test_spark.SparkTests" file="test/test_spark.py" line="1159" name="test_get_col_info_error_bad_size" time="6.974"></testcase><testcase classname="test.test_spark.SparkTests" file="test/test_spark.py" line="1216" name="test_get_metadata" time="6.566"></testcase><testcase classname="test.test_spark.SparkTests" file="test/test_spark.py" line="921" name="test_gloo_exec_fn" time="0.005"></testcase><testcase classname="test.test_spark.SparkTests" file="test/test_spark.py" line="941" name="test_gloo_exec_fn_provides_driver_with_local_rank" time="1.052"></testcase><testcase classname="test.test_spark.SparkTests" file="test/test_spark.py" line="363" name="test_happy_run_elastic" time="11.536"></testcase><testcase classname="test.test_spark.SparkTests" file="test/test_spark.py" line="338" name="test_happy_run_with_gloo" time="10.494"></testcase><testcase classname="test.test_spark.SparkTests" file="test/test_spark.py" line="329" name="test_happy_run_with_mpi" time="1.415"><skipped message="Open MPI is not available" type="pytest.skip">/horovod/test/test_spark.py:330: Open MPI is not available</skipped></testcase><testcase classname="test.test_spark.SparkTests" file="test/test_spark.py" line="1505" name="test_hdfs_store_parse_url" time="0.005"></testcase><testcase classname="test.test_spark.SparkTests" file="test/test_spark.py" line="91" name="test_host_hash" time="0.002"></testcase><testcase classname="test.test_spark.SparkTests" file="test/test_spark.py" line="936" name="test_mpi_exec_fn_provides_driver_with_local_rank" time="1.034"></testcase><testcase classname="test.test_spark.SparkTests" file="test/test_spark.py" line="849" name="test_mpirun_exec_fn" time="0.011"></testcase><testcase classname="test.test_spark.SparkTests" file="test/test_spark.py" line="414" name="test_mpirun_not_found" time="4.391"></testcase><testcase classname="test.test_spark.SparkTests" file="test/test_spark.py" line="1336" name="test_prepare_data_compress_sparse" time="6.877"></testcase><testcase classname="test.test_spark.SparkTests" file="test/test_spark.py" line="1265" name="test_prepare_data_no_compression" time="6.206"></testcase><testcase classname="test.test_spark.SparkTests" file="test/test_spark.py" line="812" name="test_rsh_event" time="2.517"></testcase><testcase classname="test.test_spark.SparkTests" file="test/test_spark.py" line="815" name="test_rsh_events" time="7.539"></testcase><testcase classname="test.test_spark.SparkTests" file="test/test_spark.py" line="809" name="test_rsh_with_non_zero_exit_code" time="1.513"></testcase><testcase classname="test.test_spark.SparkTests" file="test/test_spark.py" line="806" name="test_rsh_with_zero_exit_code" time="1.513"></testcase><testcase classname="test.test_spark.SparkTests" file="test/test_spark.py" line="993" name="test_spark_driver_host_discovery" time="0.509"></testcase><testcase classname="test.test_spark.SparkTests" file="test/test_spark.py" line="492" name="test_spark_run_defaults_num_proc_to_spark_cores_with_gloo" time="3.829"></testcase><testcase classname="test.test_spark.SparkTests" file="test/test_spark.py" line="485" name="test_spark_run_defaults_num_proc_to_spark_cores_with_mpi" time="3.723"></testcase><testcase classname="test.test_spark.SparkTests" file="test/test_spark.py" line="512" name="test_spark_run_does_not_default_env_to_os_env_with_gloo" time="3.823"></testcase><testcase classname="test.test_spark.SparkTests" file="test/test_spark.py" line="505" name="test_spark_run_does_not_default_env_to_os_env_with_mpi" time="3.850"></testcase><testcase classname="test.test_spark.SparkTests" file="test/test_spark.py" line="459" name="test_spark_run_num_proc_precedes_spark_cores_with_gloo" time="3.875"></testcase><testcase classname="test.test_spark.SparkTests" file="test/test_spark.py" line="452" name="test_spark_run_num_proc_precedes_spark_cores_with_mpi" time="3.889"></testcase><testcase classname="test.test_spark.SparkTests" file="test/test_spark.py" line="433" name="test_spark_run_with_gloo" time="3.972"></testcase><testcase classname="test.test_spark.SparkTests" file="test/test_spark.py" line="426" name="test_spark_run_with_mpi" time="3.948"></testcase><testcase classname="test.test_spark.SparkTests" file="test/test_spark.py" line="548" name="test_spark_run_with_non_zero_exit_with_gloo" time="3.733"></testcase><testcase classname="test.test_spark.SparkTests" file="test/test_spark.py" line="539" name="test_spark_run_with_non_zero_exit_with_mpi" time="3.840"></testcase><testcase classname="test.test_spark.SparkTests" file="test/test_spark.py" line="529" name="test_spark_run_with_os_environ_with_mpi" time="3.870"></testcase><testcase classname="test.test_spark.SparkTests" file="test/test_spark.py" line="472" name="test_spark_run_with_path_with_mpi" time="3.828"></testcase><testcase classname="test.test_spark.SparkTests" file="test/test_spark.py" line="1614" name="test_spark_task_service_abort_command" time="0.514"></testcase><testcase classname="test.test_spark.SparkTests" file="test/test_spark.py" line="1630" name="test_spark_task_service_abort_no_command" time="0.713"></testcase><testcase classname="test.test_spark.SparkTests" file="test/test_spark.py" line="1568" name="test_spark_task_service_env" time="1.011"></testcase><testcase classname="test.test_spark.SparkTests" file="test/test_spark.py" line="1608" name="test_spark_task_service_execute_command" time="0.711"></testcase><testcase classname="test.test_spark.SparkTests" file="test/test_spark.py" line="1466" name="test_sync_hdfs_store" time="0.005"></testcase><testcase classname="test.test_spark.SparkTests" file="test/test_spark.py" line="262" name="test_task_fn_run_commands" time="6.407"></testcase><testcase classname="test.test_spark.SparkTests" file="test/test_spark.py" line="295" name="test_task_fn_run_gloo_exec" time="6.347"></testcase><testcase classname="test.test_spark.SparkTests" file="test/test_spark.py" line="205" name="test_task_service_check_for_command_start" time="6.029"></testcase><testcase classname="test.test_spark.SparkTests" file="test/test_spark.py" line="183" name="test_task_service_wait_for_command_start_with_timeout" time="3.017"></testcase><testcase classname="test.test_spark.SparkTests" file="test/test_spark.py" line="175" name="test_task_service_wait_for_command_start_without_timeout" time="1.509"></testcase><testcase classname="test.test_spark.SparkTests" file="test/test_spark.py" line="392" name="test_timeout_with_gloo" time="9.259"></testcase><testcase classname="test.test_spark.SparkTests" file="test/test_spark.py" line="383" name="test_timeout_with_mpi" time="1.325"><skipped message="Open MPI is not available" type="pytest.skip">/horovod/test/test_spark.py:384: Open MPI is not available</skipped></testcase><testcase classname="test.test_spark.SparkTests" file="test/test_spark.py" line="1649" name="test_to_list" time="0.003"></testcase><testcase classname="test.test_spark.SparkTests" file="test/test_spark.py" line="1201" name="test_train_val_split_col_boolean" time="6.255"></testcase><testcase classname="test.test_spark.SparkTests" file="test/test_spark.py" line="1186" name="test_train_val_split_col_integer" time="6.333"></testcase><testcase classname="test.test_spark.SparkTests" file="test/test_spark.py" line="1171" name="test_train_val_split_ratio" time="3.860"></testcase><testcase classname="test.test_run.RunTests" file="test/test_run.py" line="74" name="test_autotune_args" time="0.005"></testcase><testcase classname="test.test_run.RunTests" file="test/test_run.py" line="93" name="test_autotuning_with_fixed_param" time="0.005"></testcase><testcase classname="test.test_run.RunTests" file="test/test_run.py" line="165" name="test_config_file" time="0.009"></testcase><testcase classname="test.test_run.RunTests" file="test/test_run.py" line="207" name="test_config_file_override_args" time="0.007"></testcase><testcase classname="test.test_run.RunTests" file="test/test_run.py" line="864" name="test_generate_jsrun_rankfile" time="0.003"></testcase><testcase classname="test.test_run.RunTests" file="test/test_run.py" line="427" name="test_get_mpi_implementation" time="0.005"></testcase><testcase classname="test.test_run.RunTests" file="test/test_run.py" line="790" name="test_gloo_run_minimal" time="0.194"></testcase><testcase classname="test.test_run.RunTests" file="test/test_run.py" line="801" name="test_gloo_run_with_os_environ" time="0.200"></testcase><testcase classname="test.test_run.RunTests" file="test/test_run.py" line="415" name="test_hash" time="0.002"></testcase><testcase classname="test.test_run.RunTests" file="test/test_run.py" line="809" name="test_horovodrun_hostfile" time="0.002"></testcase><testcase classname="test.test_run.RunTests" file="test/test_run.py" line="419" name="test_host_hash" time="0.002"></testcase><testcase classname="test.test_run.RunTests" file="test/test_run.py" line="224" name="test_in_thread_args" time="0.005"></testcase><testcase classname="test.test_run.RunTests" file="test/test_run.py" line="821" name="test_js_run" time="0.537"><skipped message="MPI is not available" type="pytest.skip">/horovod/test/test_run.py:822: MPI is not available</skipped></testcase><testcase classname="test.test_run.RunTests" file="test/test_run.py" line="139" name="test_library_args" time="0.005"></testcase><testcase classname="test.test_run.RunTests" file="test/test_run.py" line="154" name="test_logging_args" time="0.005"></testcase><testcase classname="test.test_run.RunTests" file="test/test_run.py" line="625" name="test_mpi_run_full" time="0.175"><skipped message="MPI is not available" type="pytest.skip">/horovod/test/test_run.py:626: MPI is not available</skipped></testcase><testcase classname="test.test_run.RunTests" file="test/test_run.py" line="547" name="test_mpi_run_minimal" time="0.171"><skipped message="MPI is not available" type="pytest.skip">/horovod/test/test_run.py:548: MPI is not available</skipped></testcase><testcase classname="test.test_run.RunTests" file="test/test_run.py" line="584" name="test_mpi_run_on_large_cluster" time="0.172"><skipped message="MPI is not available" type="pytest.skip">/horovod/test/test_run.py:585: MPI is not available</skipped></testcase><testcase classname="test.test_run.RunTests" file="test/test_run.py" line="729" name="test_mpi_run_with_both_paths" time="0.171"><skipped message="MPI is not available" type="pytest.skip">/horovod/test/test_run.py:730: MPI is not available</skipped></testcase><testcase classname="test.test_run.RunTests" file="test/test_run.py" line="705" name="test_mpi_run_with_both_pythonpaths" time="0.177"><skipped message="MPI is not available" type="pytest.skip">/horovod/test/test_run.py:706: MPI is not available</skipped></testcase><testcase classname="test.test_run.RunTests" file="test/test_run.py" line="723" name="test_mpi_run_with_env_path" time="0.180"><skipped message="MPI is not available" type="pytest.skip">/horovod/test/test_run.py:724: MPI is not available</skipped></testcase><testcase classname="test.test_run.RunTests" file="test/test_run.py" line="699" name="test_mpi_run_with_env_pythonpath" time="0.181"><skipped message="MPI is not available" type="pytest.skip">/horovod/test/test_run.py:700: MPI is not available</skipped></testcase><testcase classname="test.test_run.RunTests" file="test/test_run.py" line="754" name="test_mpi_run_with_non_zero_exit" time="0.189"><skipped message="MPI is not available" type="pytest.skip">/horovod/test/test_run.py:755: MPI is not available</skipped></testcase><testcase classname="test.test_run.RunTests" file="test/test_run.py" line="772" name="test_mpi_run_with_os_environ" time="0.184"><skipped message="MPI is not available" type="pytest.skip">/horovod/test/test_run.py:773: MPI is not available</skipped></testcase><testcase classname="test.test_run.RunTests" file="test/test_run.py" line="717" name="test_mpi_run_with_sys_path" time="0.182"><skipped message="MPI is not available" type="pytest.skip">/horovod/test/test_run.py:718: MPI is not available</skipped></testcase><testcase classname="test.test_run.RunTests" file="test/test_run.py" line="693" name="test_mpi_run_with_sys_pythonpath" time="0.188"><skipped message="MPI is not available" type="pytest.skip">/horovod/test/test_run.py:694: MPI is not available</skipped></testcase><testcase classname="test.test_run.RunTests" file="test/test_run.py" line="711" name="test_mpi_run_without_path" time="0.194"><skipped message="MPI is not available" type="pytest.skip">/horovod/test/test_run.py:712: MPI is not available</skipped></testcase><testcase classname="test.test_run.RunTests" file="test/test_run.py" line="687" name="test_mpi_run_without_pythonpath" time="0.192"><skipped message="MPI is not available" type="pytest.skip">/horovod/test/test_run.py:688: MPI is not available</skipped></testcase><testcase classname="test.test_run.RunTests" file="test/test_run.py" line="249" name="test_on_event" time="0.218"></testcase><testcase classname="test.test_run.RunTests" file="test/test_run.py" line="57" name="test_params_args" time="0.005"></testcase><testcase classname="test.test_run.RunTests" file="test/test_run.py" line="453" name="test_run_controller" time="0.706"></testcase><testcase classname="test.test_run.RunTests" file="test/test_run.py" line="896" name="test_run_with_jsrun" time="0.006"></testcase><testcase classname="test.test_run.RunTests" file="test/test_run.py" line="350" name="test_safe_shell_exec_captures_last_line_wo_eol" time="0.181"></testcase><testcase classname="test.test_run.RunTests" file="test/test_run.py" line="347" name="test_safe_shell_exec_captures_stderr" time="0.177"></testcase><testcase classname="test.test_run.RunTests" file="test/test_run.py" line="344" name="test_safe_shell_exec_captures_stdout" time="0.182"></testcase><testcase classname="test.test_run.RunTests" file="test/test_run.py" line="357" name="test_safe_shell_exec_interrupts_on_event" time="1.029"></testcase><testcase classname="test.test_run.RunTests" file="test/test_run.py" line="371" name="test_safe_shell_exec_interrupts_on_parent_shutdown" time="0.209"></testcase><testcase classname="test.test_run.RunTests" file="test/test_run.py" line="354" name="test_safe_shell_exec_returns_exit_code" time="0.209"></testcase><testcase classname="test.test_run.RunTests" file="test/test_run.py" line="119" name="test_stall_check_args" time="0.006"></testcase><testcase classname="test.test_run.RunTests" file="test/test_run.py" line="108" name="test_timeline_args" time="0.005"></testcase><testcase classname="test.test_run.RunTests" file="test/test_run.py" line="217" name="test_validate_config_args" time="0.005"></testcase></testsuite></testsuites>